   Compiling kwavers v3.0.0 (D:\kwavers)
error[E0433]: failed to resolve: use of undeclared type `LoadBalancingAlgorithm`
   --> src\analysis\signal_processing\beamforming\neural\distributed\core.rs:276:13
    |
276 |             LoadBalancingAlgorithm::Static,
    |             ^^^^^^^^^^^^^^^^^^^^^^ use of undeclared type `LoadBalancingAlgorithm`
    |
help: consider importing this enum through its public re-export
    |
263 +     use crate::solver::inverse::pinn::ml::LoadBalancingAlgorithm;
    |

error[E0559]: variant `analysis::signal_processing::beamforming::neural::pinn_interface::DecompositionStrategy::Spatial` has no field named `dimensions`
   --> src\analysis\signal_processing\beamforming\neural\distributed\core.rs:273:17
    |
273 |                 dimensions: 3,
    |                 ^^^^^^^^^^ `analysis::signal_processing::beamforming::neural::pinn_interface::DecompositionStrategy::Spatial` does not have this field
    |
    = note: all struct fields are already assigned

error[E0559]: variant `analysis::signal_processing::beamforming::neural::pinn_interface::DecompositionStrategy::Spatial` has no field named `overlap`
   --> src\analysis\signal_processing\beamforming\neural\distributed\core.rs:274:17
    |
274 |                 overlap: 0.0,
    |                 ^^^^^^^ `analysis::signal_processing::beamforming::neural::pinn_interface::DecompositionStrategy::Spatial` does not have this field
    |
    = note: all struct fields are already assigned

error[E0061]: this function takes 2 arguments but 4 arguments were supplied
   --> src\analysis\signal_processing\beamforming\neural\distributed\core.rs:269:22
    |
269 |           let result = DistributedNeuralBeamformingProcessor::new(
    |                        ^^^^^^^^^^^^^^^^^^^^^^^^^^^^^^^^^^^^^^^^^^
270 |               config,
271 |               2,
    |               - expected `DistributedConfig`, found integer
272 | /             DecompositionStrategy::Spatial {
273 | |                 dimensions: 3,
274 | |                 overlap: 0.0,
275 | |             },
    | |_____________- unexpected argument #3 of type `analysis::signal_processing::beamforming::neural::pinn_interface::DecompositionStrategy`
276 |               LoadBalancingAlgorithm::Static,
    |               ------------------------------ unexpected argument #4
    |
note: associated function defined here
   --> src\analysis\signal_processing\beamforming\neural\distributed\core.rs:151:12
    |
151 |     pub fn new(
    |            ^^^
152 |         beamforming_config: PINNBeamformingConfig,
153 |         distributed_config: DistributedConfig,
    |         -------------------------------------
help: remove the extra arguments
    |
271 -             2,
271 +             /* analysis::signal_processing::beamforming::neural::pinn_interface::DistributedConfig */,
    |

error[E0277]: `Result<DistributedNeuralBeamformingProcessor, KwaversError>` is not a future
   --> src\analysis\signal_processing\beamforming\neural\distributed\core.rs:278:10
    |
269 |           let result = DistributedNeuralBeamformingProcessor::new(
    |  ______________________-
270 | |             config,
271 | |             2,
272 | |             DecompositionStrategy::Spatial {
...   |
276 | |             LoadBalancingAlgorithm::Static,
277 | |         )
    | |_________- this call returns `std::result::Result<analysis::signal_processing::beamforming::neural::distributed::core::DistributedNeuralBeamformingProcessor, core::error::KwaversError>`
278 |           .await;
    |            ^^^^^ `Result<DistributedNeuralBeamformingProcessor, KwaversError>` is not a future
    |
    = help: the trait `std::future::Future` is not implemented for `Result<DistributedNeuralBeamformingProcessor, KwaversError>`
    = note: Result<DistributedNeuralBeamformingProcessor, KwaversError> must be a future or must implement `IntoFuture` to be awaited
    = note: required for `Result<DistributedNeuralBeamformingProcessor, KwaversError>` to implement `std::future::IntoFuture`
    = note: the full name for the type has been written to 'D:\kwavers\target\debug\deps\kwavers-aaf717fe9c8bc925.long-type-4530444203186318650.txt'
    = note: consider using `--verbose` to print the full type name to the console
help: remove the `.await`
    |
278 -         .await;
278 +         ;
    |

error[E0599]: no function or associated item named `initialize_communication_channels` found for struct `DistributedNeuralBeamformingProcessor` in the current scope
   --> src\analysis\signal_processing\beamforming\neural\distributed\core.rs:297:52
    |
 79 | pub struct DistributedNeuralBeamformingProcessor {
    | ------------------------------------------------ function or associated item `initialize_communication_channels` not found for this struct
...
297 |             DistributedNeuralBeamformingProcessor::initialize_communication_channels(4).unwrap();
    |                                                    ^^^^^^^^^^^^^^^^^^^^^^^^^^^^^^^^^ function or associated item not found in `DistributedNeuralBeamformingProcessor`
    |
note: if you're trying to build a new `analysis::signal_processing::beamforming::neural::distributed::core::DistributedNeuralBeamformingProcessor`, consider using `analysis::signal_processing::beamforming::neural::distributed::core::DistributedNeuralBeamformingProcessor::new` which returns `std::result::Result<analysis::signal_processing::beamforming::neural::distributed::core::DistributedNeuralBeamformingProcessor, core::error::KwaversError>`
   --> src\analysis\signal_processing\beamforming\neural\distributed\core.rs:151:5
    |
151 | /     pub fn new(
152 | |         beamforming_config: PINNBeamformingConfig,
153 | |         distributed_config: DistributedConfig,
154 | |     ) -> KwaversResult<Self> {
    | |____________________________^
    = note: the full name for the type has been written to 'D:\kwavers\target\debug\deps\kwavers-aaf717fe9c8bc925.long-type-14022696582489629285.txt'
    = note: consider using `--verbose` to print the full type name to the console

warning: large size difference between variants
   --> src\analysis\signal_processing\beamforming\slsc\mod.rs:143:1
    |
143 | / pub enum LagWeighting {
144 | |     /// Uniform weighting (all lags equal)
145 | |     Uniform,
    | |     ------- the second-largest variant carries no data at all
146 | |     /// Triangular weighting (linear decrease with lag)
...   |
151 | |     Custom { weights: [f64; 64], len: usize },
    | |     ----------------------------------------- the largest variant contains at least 520 bytes
152 | | }
    | |_^ the entire enum is at least 528 bytes
    |
note: boxing a variant would require the type no longer be `Copy`
   --> src\analysis\signal_processing\beamforming\slsc\mod.rs:143:10
    |
143 | pub enum LagWeighting {
    |          ^^^^^^^^^^^^
help: consider boxing the large fields or introducing indirection in some other way to reduce the total size of the enum
   --> src\analysis\signal_processing\beamforming\slsc\mod.rs:151:5
    |
151 |     Custom { weights: [f64; 64], len: usize },
    |     ^^^^^^^^^^^^^^^^^^^^^^^^^^^^^^^^^^^^^^^^^
    = help: for further information visit https://rust-lang.github.io/rust-clippy/rust-1.93.0/index.html#large_enum_variant
    = note: `#[warn(clippy::large_enum_variant)]` on by default

warning: type does not implement `std::fmt::Debug`; consider adding `#[derive(Debug)]` or a manual implementation
  --> src\solver\inverse\pinn\ml\beamforming_provider.rs:34:1
   |
34 | / pub struct BurnPinnBeamformingAdapter<B: burn::tensor::backend::Backend> {
35 | |     /// Underlying Burn PINN model
36 | |     model: Arc<Mutex<Option<BurnPINN1DWave<B>>>>,
37 | |     /// Model configuration
...  |
44 | |     metadata: ModelInfo,
45 | | }
   | |_^
   |
note: the lint level is defined here
  --> src\lib.rs:22:9
   |
22 | #![warn(missing_debug_implementations)]
   |         ^^^^^^^^^^^^^^^^^^^^^^^^^^^^^

warning: `kwavers` (lib) generated 2 warnings
warning: unused variable: `model`
   --> benches\pinn_elastic_2d_training.rs:121:9
    |
121 |     let model = ElasticPINN2D::<Backend>::new(&config, &device).expect("Failed to create model");
    |         ^^^^^ help: if this is intentional, prefix it with an underscore: `_model`
    |
    = note: `#[warn(unused_variables)]` (part of `#[warn(unused)]`) on by default

warning: unused variable: `loss_computer`
   --> benches\pinn_elastic_2d_training.rs:211:9
    |
211 |     let loss_computer = LossComputer::new(config.loss_weights);
    |         ^^^^^^^^^^^^^ help: if this is intentional, prefix it with an underscore: `_loss_computer`

error[E0433]: failed to resolve: could not find `localization` in `sensor`
 --> tests\sensor_delay_test.rs:3:30
  |
3 | use kwavers::domain::sensor::localization::array::{ArrayGeometry, Sensor, SensorArray};
  |                              ^^^^^^^^^^^^ could not find `localization` in `sensor`

warning: field assignment outside of initializer for an instance created with Default::default()
  --> benches\pinn_elastic_2d_training.rs:58:5
   |
58 |     config.hidden_layers = vec![64, 64, 64]; // 3 hidden layers
   |     ^^^^^^^^^^^^^^^^^^^^^^^^^^^^^^^^^^^^^^^^
   |
note: consider initializing the variable with `kwavers::solver::inverse::elastic_2d::Config { hidden_layers: vec![64, 64, 64], ..Default::default() }` and removing relevant reassignments
  --> benches\pinn_elastic_2d_training.rs:57:5
   |
57 |     let mut config = Config::default();
   |     ^^^^^^^^^^^^^^^^^^^^^^^^^^^^^^^^^^^
   = help: for further information visit https://rust-lang.github.io/rust-clippy/rust-1.93.0/index.html#field_reassign_with_default
   = note: `#[warn(clippy::field_reassign_with_default)]` on by default

error[E0432]: unresolved import `kwavers::domain::sensor::localization`
 --> tests\sensor_delay_test.rs:4:30
  |
4 | use kwavers::domain::sensor::localization::Position;
  |                              ^^^^^^^^^^^^ could not find `localization` in `sensor`

warning: field assignment outside of initializer for an instance created with Default::default()
   --> benches\pinn_elastic_2d_training.rs:119:5
    |
119 |     config.hidden_layers = vec![64, 64, 64];
    |     ^^^^^^^^^^^^^^^^^^^^^^^^^^^^^^^^^^^^^^^^
    |
note: consider initializing the variable with `kwavers::solver::inverse::elastic_2d::Config { hidden_layers: vec![64, 64, 64], ..Default::default() }` and removing relevant reassignments
   --> benches\pinn_elastic_2d_training.rs:118:5
    |
118 |     let mut config = Config::default();
    |     ^^^^^^^^^^^^^^^^^^^^^^^^^^^^^^^^^^^
    = help: for further information visit https://rust-lang.github.io/rust-clippy/rust-1.93.0/index.html#field_reassign_with_default

warning: field assignment outside of initializer for an instance created with Default::default()
   --> benches\pinn_elastic_2d_training.rs:208:5
    |
208 |     config.hidden_layers = vec![64, 64, 64];
    |     ^^^^^^^^^^^^^^^^^^^^^^^^^^^^^^^^^^^^^^^^
    |
note: consider initializing the variable with `kwavers::solver::inverse::elastic_2d::Config { hidden_layers: vec![64, 64, 64], ..Default::default() }` and removing relevant reassignments
   --> benches\pinn_elastic_2d_training.rs:207:5
    |
207 |     let mut config = Config::default();
    |     ^^^^^^^^^^^^^^^^^^^^^^^^^^^^^^^^^^^
    = help: for further information visit https://rust-lang.github.io/rust-clippy/rust-1.93.0/index.html#field_reassign_with_default

warning: field assignment outside of initializer for an instance created with Default::default()
   --> benches\pinn_elastic_2d_training.rs:265:5
    |
265 |     config.hidden_layers = vec![64, 64, 64];
    |     ^^^^^^^^^^^^^^^^^^^^^^^^^^^^^^^^^^^^^^^^
    |
note: consider initializing the variable with `kwavers::solver::inverse::elastic_2d::Config { hidden_layers: vec![64, 64, 64], n_collocation_interior: 1000, n_collocation_boundary: 100, n_collocation_initial: 100, ..Default::default() }` and removing relevant reassignments
   --> benches\pinn_elastic_2d_training.rs:264:5
    |
264 |     let mut config = Config::default();
    |     ^^^^^^^^^^^^^^^^^^^^^^^^^^^^^^^^^^^
    = help: for further information visit https://rust-lang.github.io/rust-clippy/rust-1.93.0/index.html#field_reassign_with_default

warning: field assignment outside of initializer for an instance created with Default::default()
   --> benches\pinn_elastic_2d_training.rs:404:13
    |
404 |             config.hidden_layers = layers.clone();
    |             ^^^^^^^^^^^^^^^^^^^^^^^^^^^^^^^^^^^^^^
    |
note: consider initializing the variable with `kwavers::solver::inverse::elastic_2d::Config { hidden_layers: layers.clone(), ..Default::default() }` and removing relevant reassignments
   --> benches\pinn_elastic_2d_training.rs:403:13
    |
403 |             let mut config = Config::default();
    |             ^^^^^^^^^^^^^^^^^^^^^^^^^^^^^^^^^^^
    = help: for further information visit https://rust-lang.github.io/rust-clippy/rust-1.93.0/index.html#field_reassign_with_default

warning: field assignment outside of initializer for an instance created with Default::default()
   --> benches\pinn_elastic_2d_training.rs:452:5
    |
452 |     config.hidden_layers = vec![64, 64, 64];
    |     ^^^^^^^^^^^^^^^^^^^^^^^^^^^^^^^^^^^^^^^^
    |
note: consider initializing the variable with `kwavers::solver::inverse::elastic_2d::Config { hidden_layers: vec![64, 64, 64], ..Default::default() }` and removing relevant reassignments
   --> benches\pinn_elastic_2d_training.rs:451:5
    |
451 |     let mut config = Config::default();
    |     ^^^^^^^^^^^^^^^^^^^^^^^^^^^^^^^^^^^
    = help: for further information visit https://rust-lang.github.io/rust-clippy/rust-1.93.0/index.html#field_reassign_with_default

warning: unused variable: `dims`
   --> examples\monte_carlo_validation.rs:295:5
    |
295 |     dims: GridDimensions,
    |     ^^^^ help: if this is intentional, prefix it with an underscore: `_dims`
    |
    = note: `#[warn(unused_variables)]` (part of `#[warn(unused)]`) on by default

Some errors have detailed explanations: E0432, E0433.
For more information about an error, try `rustc --explain E0432`.
error: could not compile `kwavers` (test "sensor_delay_test") due to 2 previous errors
warning: build failed, waiting for other jobs to finish...
warning: `kwavers` (bench "pinn_elastic_2d_training") generated 8 warnings (run `cargo clippy --fix --bench "pinn_elastic_2d_training" -p kwavers` to apply 2 suggestions)
error[E0433]: failed to resolve: use of undeclared type `NiftiObject`
  --> tests\ct_nifti_integration_test.rs:99:17
   |
99 |     let nifti = NiftiObject::from_header_and_data(header, volume);
   |                 ^^^^^^^^^^^ use of undeclared type `NiftiObject`
   |
help: consider importing one of these traits
   |
 8 + use kwavers::infra::io::nifti::NiftiObject;
   |
 8 + use nifti::NiftiObject;
   |

error[E0433]: failed to resolve: use of undeclared type `NiftiObject`
   --> tests\ct_nifti_integration_test.rs:223:17
    |
223 |     let nifti = NiftiObject::from_header_and_data(header, volume);
    |                 ^^^^^^^^^^^ use of undeclared type `NiftiObject`
    |
help: consider importing one of these traits
    |
  8 + use kwavers::infra::io::nifti::NiftiObject;
    |
  8 + use nifti::NiftiObject;
    |

error[E0433]: failed to resolve: use of undeclared type `NiftiObject`
   --> tests\ct_nifti_integration_test.rs:301:17
    |
301 |     let nifti = NiftiObject::from_header_and_data(header, volume);
    |                 ^^^^^^^^^^^ use of undeclared type `NiftiObject`
    |
help: consider importing one of these traits
    |
  8 + use kwavers::infra::io::nifti::NiftiObject;
    |
  8 + use nifti::NiftiObject;
    |

error[E0433]: failed to resolve: use of undeclared type `NiftiObject`
   --> tests\ct_nifti_integration_test.rs:348:17
    |
348 |     let nifti = NiftiObject::from_header_and_data(header, original_ct.clone());
    |                 ^^^^^^^^^^^ use of undeclared type `NiftiObject`
    |
help: consider importing one of these traits
    |
  8 + use kwavers::infra::io::nifti::NiftiObject;
    |
  8 + use nifti::NiftiObject;
    |

error[E0432]: unresolved imports `kwavers::simulation::factory::AccuracyLevel`, `kwavers::simulation::factory::CFLCalculator`, `kwavers::simulation::factory::GridSpacingCalculator`, `kwavers::simulation::factory::SimulationFactory`, `kwavers::simulation::factory::SimulationPreset`
 --> examples\phase2_factory.rs:8:5
  |
8 |     AccuracyLevel, CFLCalculator, GridSpacingCalculator, SimulationFactory, SimulationPreset,
  |     ^^^^^^^^^^^^^  ^^^^^^^^^^^^^  ^^^^^^^^^^^^^^^^^^^^^  ^^^^^^^^^^^^^^^^^  ^^^^^^^^^^^^^^^^ no `SimulationPreset` in `simulation::factory`
  |     |              |              |                      |
  |     |              |              |                      no `SimulationFactory` in `simulation::factory`
  |     |              |              no `GridSpacingCalculator` in `simulation::factory`
  |     |              no `CFLCalculator` in `simulation::factory`
  |     no `AccuracyLevel` in `simulation::factory`

error[E0432]: unresolved import `kwavers::simulation::factory::PhysicsValidator`
   --> examples\phase2_factory.rs:112:9
    |
112 |     use kwavers::simulation::factory::PhysicsValidator;
    |         ^^^^^^^^^^^^^^^^^^^^^^^^^^^^^^^^^^^^^^^^^^^^^^ no `PhysicsValidator` in `simulation::factory`

warning: `kwavers` (example "monte_carlo_validation") generated 1 warning (run `cargo clippy --fix --example "monte_carlo_validation" -p kwavers` to apply 1 suggestion)
error[E0282]: type annotations needed
   --> examples\phase2_factory.rs:122:13
    |
122 |             report.print();
    |             ^^^^^^ cannot infer type

error[E0599]: no function or associated item named `from_header_and_data` found for struct `nifti::object::GenericNiftiObject<V>` in the current scope
   --> tests\ct_nifti_integration_test.rs:46:35
    |
 46 |     let nifti = InMemNiftiObject::from_header_and_data(header, volume);
    |                                   ^^^^^^^^^^^^^^^^^^^^ function or associated item not found in `nifti::object::GenericNiftiObject<nifti::InMemNiftiVolume>`
    |
note: if you're trying to build a new `nifti::object::GenericNiftiObject<nifti::InMemNiftiVolume>` consider using one of the following associated functions:
      nifti::object::GenericNiftiObject::<nifti::InMemNiftiVolume>::from_file
      nifti::object::GenericNiftiObject::<nifti::InMemNiftiVolume>::from_file_pair
      nifti::object::GenericNiftiObject::<V>::from_reader
   --> C:\Users\RyanClanton\.cargo\registry\src\index.crates.io-1949cf8c6b5b557f\nifti-0.17.0\src\object.rs:311:5
    |
311 |       pub fn from_file<P: AsRef<Path>>(path: P) -> Result<Self> {
    |       ^^^^^^^^^^^^^^^^^^^^^^^^^^^^^^^^^^^^^^^^^^^^^^^^^^^^^^^^^
...
329 | /     pub fn from_file_pair<P, Q>(hdr_path: P, vol_path: Q) -> Result<Self>
330 | |     where
331 | |         P: AsRef<Path>,
332 | |         Q: AsRef<Path>,
    | |_______________________^
...
452 | /     pub fn from_reader<R>(mut source: R) -> Result<Self>
453 | |     where
454 | |         R: Read,
455 | |         V: FromSource<R>,
    | |_________________________^
help: there is an associated function `from_reader` with a similar name
   --> C:\Users\RyanClanton\.cargo\registry\src\index.crates.io-1949cf8c6b5b557f\nifti-0.17.0\src\object.rs:452:5
    |
452 | /     pub fn from_reader<R>(mut source: R) -> Result<Self>
453 | |     where
454 | |         R: Read,
455 | |         V: FromSource<R>,
    | |_________________________^

Some errors have detailed explanations: E0282, E0432.
For more information about an error, try `rustc --explain E0282`.
error: could not compile `kwavers` (example "phase2_factory") due to 3 previous errors
error[E0277]: `?` couldn't convert the error to `std::io::Error`
  --> tests\ct_nifti_integration_test.rs:47:49
   |
21 | ) -> std::io::Result<()> {
   |      ------------------- expected `std::io::Error` because of this
...
47 |     WriterOptions::new(path).write_nifti(&nifti)?;
   |                              -------------------^ the trait `std::convert::From<nifti::NiftiError>` is not implemented for `std::io::Error`
   |                              |
   |                              this can't be annotated with `?` because it has type `Result<_, nifti::NiftiError>`
   |
   = note: the question mark operation (`?`) implicitly performs a conversion on the error value using the `From` trait
   = help: the following other types implement trait `std::convert::From<T>`:
             `std::io::Error` implements `std::convert::From<anstyle_wincon::windows::inner::IoError>`
             `std::io::Error` implements `std::convert::From<aws_smithy_types::byte_stream::error::Error>`
             `std::io::Error` implements `std::convert::From<bytes::TryGetError>`
             `std::io::Error` implements `std::convert::From<flate2::mem::CompressError>`
             `std::io::Error` implements `std::convert::From<flate2::mem::DecompressError>`
             `std::io::Error` implements `std::convert::From<getrandom::error::Error>`
             `std::io::Error` implements `std::convert::From<getrandom::error::Error>`
             `std::io::Error` implements `std::convert::From<httpdate::Error>`
           and 18 others

warning: unused import: `black_box`
 --> benches\hilbert_benchmark.rs:2:17
  |
2 | use criterion::{black_box, criterion_group, criterion_main, Criterion};
  |                 ^^^^^^^^^
  |
  = note: `#[warn(unused_imports)]` (part of `#[warn(unused)]`) on by default

warning: unused imports: `Array2` and `ArrayD`
  --> tests\pinn_elastic_validation.rs:33:15
   |
33 | use ndarray::{Array2, ArrayD};
   |               ^^^^^^  ^^^^^^
   |
   = note: `#[warn(unused_imports)]` (part of `#[warn(unused)]`) on by default

error[E0277]: `?` couldn't convert the error to `std::io::Error`
   --> tests\ct_nifti_integration_test.rs:100:49
    |
 53 | fn create_skull_phantom_nifti(path: &str) -> std::io::Result<()> {
    |                                              ------------------- expected `std::io::Error` because of this
...
100 |     WriterOptions::new(path).write_nifti(&nifti)?;
    |                              -------------------^ the trait `std::convert::From<nifti::NiftiError>` is not implemented for `std::io::Error`
    |                              |
    |                              this can't be annotated with `?` because it has type `Result<_, nifti::NiftiError>`
    |
    = note: the question mark operation (`?`) implicitly performs a conversion on the error value using the `From` trait
    = help: the following other types implement trait `std::convert::From<T>`:
              `std::io::Error` implements `std::convert::From<anstyle_wincon::windows::inner::IoError>`
              `std::io::Error` implements `std::convert::From<aws_smithy_types::byte_stream::error::Error>`
              `std::io::Error` implements `std::convert::From<bytes::TryGetError>`
              `std::io::Error` implements `std::convert::From<flate2::mem::CompressError>`
              `std::io::Error` implements `std::convert::From<flate2::mem::DecompressError>`
              `std::io::Error` implements `std::convert::From<getrandom::error::Error>`
              `std::io::Error` implements `std::convert::From<getrandom::error::Error>`
              `std::io::Error` implements `std::convert::From<httpdate::Error>`
            and 18 others

warning: unused import: `WaveType`
  --> tests\pinn_elastic_validation.rs:39:73
   |
39 |     validate_wave_speeds_autodiff, PlaneWaveSolution, ValidationResult, WaveType,
   |                                                                         ^^^^^^^^

Some errors have detailed explanations: E0277, E0433, E0599.
For more information about an error, try `rustc --explain E0277`.
error: could not compile `kwavers` (test "ct_nifti_integration_test") due to 7 previous errors
warning: `kwavers` (bench "hilbert_benchmark") generated 1 warning (run `cargo clippy --fix --bench "hilbert_benchmark" -p kwavers` to apply 1 suggestion)
warning: unused variable: `wave_vector`
   --> tests\pinn_elastic_validation.rs:311:9
    |
311 |     let wave_vector = [2.0 * std::f64::consts::PI, 0.0];
    |         ^^^^^^^^^^^ help: if this is intentional, prefix it with an underscore: `_wave_vector`
    |
    = note: `#[warn(unused_variables)]` (part of `#[warn(unused)]`) on by default

warning: unused variable: `amplitude`
   --> tests\pinn_elastic_validation.rs:312:9
    |
312 |     let amplitude = 1e-6;
    |         ^^^^^^^^^ help: if this is intentional, prefix it with an underscore: `_amplitude`

warning: unused variable: `wave_vector`
   --> tests\pinn_elastic_validation.rs:334:9
    |
334 |     let wave_vector = [k / std::f64::consts::SQRT_2, k / std::f64::consts::SQRT_2];
    |         ^^^^^^^^^^^ help: if this is intentional, prefix it with an underscore: `_wave_vector`

warning: unused variable: `amplitude`
   --> tests\pinn_elastic_validation.rs:335:9
    |
335 |     let amplitude = 1e-6;
    |         ^^^^^^^^^ help: if this is intentional, prefix it with an underscore: `_amplitude`

warning: fields `error_l2`, `error_linf`, and `tolerance` are never read
  --> tests\elastic_wave_validation_framework.rs:39:9
   |
36 | pub struct ValidationResult {
   |            ---------------- fields in this struct
...
39 |     pub error_l2: f64,
   |         ^^^^^^^^
40 |     pub error_linf: f64,
   |         ^^^^^^^^^^
41 |     pub tolerance: f64,
   |         ^^^^^^^^^
   |
   = note: `ValidationResult` has derived impls for the traits `Clone` and `Debug`, but these are intentionally ignored during dead code analysis
   = note: `#[warn(dead_code)]` (part of `#[warn(unused)]`) on by default

warning: function `validate_material_properties` is never used
   --> tests\elastic_wave_validation_framework.rs:109:8
    |
109 | pub fn validate_material_properties<T: ElasticWaveEquation>(solver: &T) -> ValidationResult {
    |        ^^^^^^^^^^^^^^^^^^^^^^^^^^^^

warning: function `validate_wave_speeds` is never used
   --> tests\elastic_wave_validation_framework.rs:331:8
    |
331 | pub fn validate_wave_speeds<T: ElasticWaveEquation>(
    |        ^^^^^^^^^^^^^^^^^^^^

warning: field `amplitude` is never read
   --> tests\elastic_wave_validation_framework.rs:461:9
    |
458 | pub struct PlaneWaveSolution {
    |            ----------------- field in this struct
...
461 |     pub amplitude: f64,
    |         ^^^^^^^^^

warning: methods `displacement`, `velocity`, `acceleration`, and `displacement_gradient` are never used
   --> tests\elastic_wave_validation_framework.rs:528:12
    |
473 | impl PlaneWaveSolution {
    | ---------------------- methods in this implementation
...
528 |     pub fn displacement(&self, x: f64, y: f64, t: f64) -> [f64; 2] {
    |            ^^^^^^^^^^^^
...
537 |     pub fn velocity(&self, x: f64, y: f64, t: f64) -> [f64; 2] {
    |            ^^^^^^^^
...
546 |     pub fn acceleration(&self, x: f64, y: f64, t: f64) -> [f64; 2] {
    |            ^^^^^^^^^^^^
...
555 |     pub fn displacement_gradient(&self, x: f64, y: f64, t: f64) -> [[f64; 2]; 2] {
    |            ^^^^^^^^^^^^^^^^^^^^^

warning: function `validate_plane_wave_pde` is never used
   --> tests\elastic_wave_validation_framework.rs:584:8
    |
584 | pub fn validate_plane_wave_pde<T: ElasticWaveEquation>(
    |        ^^^^^^^^^^^^^^^^^^^^^^^

warning: function `validate_energy_conservation` is never used
   --> tests\elastic_wave_validation_framework.rs:681:8
    |
681 | pub fn validate_energy_conservation<T: ElasticWaveEquation>(
    |        ^^^^^^^^^^^^^^^^^^^^^^^^^^^^

warning: function `run_full_validation_suite` is never used
   --> tests\elastic_wave_validation_framework.rs:704:8
    |
704 | pub fn run_full_validation_suite<T: ElasticWaveEquation>(
    |        ^^^^^^^^^^^^^^^^^^^^^^^^^

warning: variable does not need to be mutable
   --> src\analysis\signal_processing\beamforming\neural\pinn_interface.rs:402:13
    |
402 |         let mut registry = PinnProviderRegistry::new();
    |             ----^^^^^^^^
    |             |
    |             help: remove this `mut`
    |
note: the lint level is defined here
   --> src\lib.rs:12:5
    |
 12 |     unused_mut,
    |     ^^^^^^^^^^

warning: `kwavers` (test "pinn_elastic_validation") generated 14 warnings (run `cargo clippy --fix --test "pinn_elastic_validation" -p kwavers` to apply 6 suggestions)
Some errors have detailed explanations: E0061, E0277, E0433, E0559, E0599.
For more information about an error, try `rustc --explain E0061`.
warning: `kwavers` (lib test) generated 1 warning
error: could not compile `kwavers` (lib test) due to 6 previous errors; 1 warning emitted
