
running 1509 tests
test analysis::ml::uncertainty::bayesian_networks::tests::test_bayesian_pinn_creation ... ok
test analysis::ml::uncertainty::conformal_prediction::tests::test_quantile_computation ... ok
test analysis::ml::tests::test_ml_engine_creation ... ok
test analysis::ml::uncertainty::sensitivity_analysis::tests::test_sensitivity_analyzer_creation ... ok
test analysis::ml::inference::tests::test_softmax_inference ... ok
test analysis::ml::tests::test_outcome_predictor ... ok
test analysis::ml::tests::test_parameter_optimization ... ok
test analysis::ml::uncertainty::conformal_prediction::tests::test_conformal_predictor_creation ... ok
test analysis::ml::tests::test_classification_with_uncertainty ... ok
test analysis::ml::uncertainty::conformal_prediction::tests::test_conformity_score_computation ... ok
test analysis::ml::uncertainty::ensemble_methods::tests::test_ensemble_statistics ... ok
test analysis::ml::tests::test_anomaly_detection ... ok
test analysis::ml::uncertainty::ensemble_methods::tests::test_ensemble_diversity ... ok
test analysis::ml::uncertainty::ensemble_methods::tests::test_ensemble_quantifier_creation ... ok
test analysis::ml::uncertainty::ensemble_methods::tests::test_bootstrap_sampling ... ok
test analysis::ml::uncertainty::sensitivity_analysis::tests::test_parameter_sample_generation ... ok
test analysis::ml::uncertainty::conformal_prediction::tests::test_conformal_calibration ... ok
test analysis::ml::uncertainty::bayesian_networks::tests::test_uncertainty_decomposition ... ok
test analysis::performance::arena::tests::test_arena_config ... ok
test analysis::performance::arena::tests::test_bump_allocator ... ok
test analysis::ml::uncertainty::bayesian_networks::tests::test_prediction_statistics ... ok
test analysis::ml::uncertainty::tests::test_uncertainty_quantifier_creation ... ok
test analysis::ml::uncertainty::tests::test_confidence_check ... ok
test analysis::performance::arena::tests::test_field_arena_allocation ... ok
test analysis::ml::uncertainty::sensitivity_analysis::tests::test_morris_screening ... ok
test analysis::performance::arena::tests::test_bump_allocator_oom ... ok
test analysis::ml::tests::test_tissue_classification ... ok
test analysis::performance::benchmarks::tests::test_memory_benchmark ... ok
test analysis::performance::safe_vectorization::tests::test_add_arrays_correctness ... ok
test analysis::ml::uncertainty::tests::test_beamforming_uncertainty ... ok
test analysis::performance::safe_vectorization::tests::test_dot_product_correctness ... ok
test analysis::performance::safe_vectorization::tests::test_l2_norm_correctness ... ok
test analysis::performance::safe_vectorization::tests::test_scalar_multiply_correctness ... ok
test analysis::performance::simd::tests::test_simd_norm ... ok
test analysis::performance::simd::tests::test_simd_addition ... ok
test analysis::performance::simd::tests::test_simd_scaling ... ok
test analysis::performance::simd_auto::capability::tests::test_capability_detection ... ok
test analysis::performance::simd_auto::capability::tests::test_capability_display ... ok
test analysis::performance::simd_auto::dispatcher::tests::test_add_operation ... ok
test analysis::performance::simd_auto::dispatcher::tests::test_simd_auto_creation ... ok
test analysis::performance::simd_auto::x86_64::avx2::tests::test_avx2_add ... ok
test analysis::performance::simd_auto::x86_64::avx2::tests::test_avx2_scale ... ok
test analysis::performance::simd_auto::dispatcher::tests::test_scale_operation ... ok
test analysis::performance::simd_portable::tests::test_dot_product ... ok
test analysis::performance::simd_portable::tests::test_apply_decay ... ok
test analysis::performance::simd_portable::tests::test_add_arrays ... ok
test analysis::performance::simd_portable::tests::test_scalar_multiply ... ok
test analysis::signal_processing::beamforming::adaptive::mvdr::tests::mvdr_default_has_small_loading ... ok
test analysis::signal_processing::beamforming::adaptive::mvdr::tests::mvdr_new_has_zero_loading ... ok
test analysis::signal_processing::beamforming::adaptive::mvdr::tests::mvdr_pseudospectrum_is_positive ... ok
test analysis::signal_processing::beamforming::adaptive::mvdr::tests::mvdr_computes_finite_weights ... ok
test analysis::signal_processing::beamforming::adaptive::mvdr::tests::mvdr_rejects_dimension_mismatch ... ok
test analysis::signal_processing::beamforming::adaptive::mvdr::tests::mvdr_rejects_empty_covariance ... ok
test analysis::signal_processing::beamforming::adaptive::mvdr::tests::mvdr_rejects_nan_diagonal_loading ... ok
test analysis::signal_processing::beamforming::adaptive::mvdr::tests::mvdr_rejects_negative_diagonal_loading ... ok
test analysis::ml::uncertainty::sensitivity_analysis::tests::test_sensitivity_analysis ... ok
test analysis::performance::simd_operations::tests::test_field_norm ... ok
test analysis::signal_processing::beamforming::adaptive::mvdr::tests::mvdr_rejects_non_square_covariance ... ok
test analysis::performance::simd_operations::tests::test_simd_add ... ok
test analysis::signal_processing::beamforming::adaptive::mvdr::tests::mvdr_satisfies_unit_gain_constraint ... ok
test analysis::signal_processing::beamforming::adaptive::subspace::tests::test_esmv_unit_gain_constraint ... ok
test analysis::signal_processing::beamforming::adaptive::subspace::tests::test_esmv_weight_computation ... ok
test analysis::signal_processing::beamforming::adaptive::subspace::tests::test_esmv_dimension_validation ... ok
test analysis::signal_processing::beamforming::adaptive::subspace::tests::test_esmv_steering_dimension_mismatch ... ok
test analysis::signal_processing::beamforming::adaptive::subspace::tests::test_music_pseudospectrum_positivity ... ok
test analysis::signal_processing::beamforming::adaptive::subspace::tests::test_music_dimension_validation ... ok
test analysis::signal_processing::beamforming::adaptive::subspace::tests::test_music_esmv_consistency ... ok
test analysis::signal_processing::beamforming::adaptive::subspace::tests::test_music_steering_dimension_mismatch ... ok
test analysis::signal_processing::beamforming::adaptive::subspace::tests::test_esmv_diagonal_loading_stability ... ok
test analysis::signal_processing::beamforming::adaptive::subspace::tests::test_esmv_signal_subspace_dimension_effect ... ok
test analysis::signal_processing::beamforming::adaptive::tests::test_adaptive_beamformer_trait ... ok
test analysis::signal_processing::beamforming::adaptive::tests::test_module_exports ... ok
test analysis::signal_processing::beamforming::adaptive::tests::test_mvdr_via_trait ... ok
test analysis::signal_processing::beamforming::adaptive::mvdr::tests::mvdr_with_different_angles ... ok
test analysis::signal_processing::beamforming::covariance::tests::test_covariance_with_non_finite_data ... ok
test analysis::signal_processing::beamforming::adaptive::tests::test_subspace_via_trait ... ok
test analysis::signal_processing::beamforming::adaptive::subspace::tests::test_music_scan_angles ... ok
test analysis::signal_processing::beamforming::covariance::tests::test_forward_backward_averaging ... ok
test analysis::signal_processing::beamforming::covariance::tests::test_is_hermitian ... ok
test analysis::signal_processing::beamforming::covariance::tests::test_sample_covariance_basic ... ok
test analysis::signal_processing::beamforming::covariance::tests::test_sample_covariance_insufficient_snapshots ... ok
test analysis::signal_processing::beamforming::covariance::tests::test_sample_covariance_invalid_inputs ... ok
test analysis::signal_processing::beamforming::covariance::tests::test_sample_covariance_with_diagonal_loading ... ok
test analysis::signal_processing::beamforming::covariance::tests::test_trace ... ok
test analysis::signal_processing::beamforming::covariance::tests::test_validate_covariance_matrix ... ok
test analysis::signal_processing::beamforming::adaptive::subspace::tests::test_music_peak_detection_concept ... ok
test analysis::signal_processing::beamforming::narrowband::capon::tests::capon_spectrum_is_finite_for_simple_case ... ok
test analysis::signal_processing::beamforming::narrowband::capon::tests::complex_baseband_rejects_invalid_snapshot_step ... ok
test analysis::signal_processing::beamforming::narrowband::capon::tests::complex_baseband_requires_sampling_frequency ... ok
test analysis::signal_processing::beamforming::narrowband::integration_tests::tests::diagonal_loading_prevents_covariance_singularity ... ok
test analysis::signal_processing::beamforming::narrowband::integration_tests::tests::steering_vector_has_unit_magnitude_for_all_sensors ... ok
test analysis::signal_processing::beamforming::narrowband::integration_tests::tests::pipeline_is_invariant_to_global_time_shift ... ok
test analysis::signal_processing::beamforming::narrowband::integration_tests::tests::end_to_end_pipeline_produces_finite_spectrum ... ok
test analysis::signal_processing::beamforming::narrowband::snapshots::tests::rejects_invalid_shape ... ok
test analysis::signal_processing::beamforming::narrowband::snapshots::windowed::tests::auto_selection_is_deterministic_and_valid ... ok
test analysis::signal_processing::beamforming::narrowband::integration_tests::tests::snapshot_methods_produce_consistent_covariance_rank ... ok
test analysis::signal_processing::beamforming::narrowband::snapshots::tests::snapshot_extraction_shapes_match ... ok
test analysis::signal_processing::beamforming::narrowband::steering::tests::invalid_candidate_is_rejected ... ok
test analysis::signal_processing::beamforming::narrowband::steering::tests::invalid_frequency_is_rejected ... ok
test analysis::signal_processing::beamforming::narrowband::snapshots::tests::analytic_signal_of_cos_has_unit_magnitude_envelope_for_tone ... ok
test analysis::signal_processing::beamforming::narrowband::steering::tests::point_steering_is_deterministic ... ok
test analysis::signal_processing::beamforming::narrowband::snapshots::tests::downconversion_moves_tone_to_dc ... ok
test analysis::signal_processing::beamforming::narrowband::steering::tests::steering_from_delays_has_unit_magnitude ... ok
test analysis::signal_processing::beamforming::narrowband::snapshots::windowed::tests::stft_bin_picks_correct_bin_for_exact_tone ... ok
test analysis::signal_processing::beamforming::narrowband::tests::capon_module_exports_accessible ... ok
test analysis::signal_processing::beamforming::narrowband::tests::steering_module_exports_accessible ... ok
test analysis::signal_processing::beamforming::narrowband::tests::snapshots_module_exports_accessible ... ok
test analysis::signal_processing::beamforming::neural::beamformer::tests::test_beamformer_creation_invalid_config ... ok
test analysis::signal_processing::beamforming::neural::beamformer::tests::test_adaptation ... ok
test analysis::signal_processing::beamforming::neural::beamformer::tests::test_beamformer_creation ... ok
test analysis::signal_processing::beamforming::narrowband::integration_tests::tests::capon_spectrum_varies_across_candidate_grid ... ok
test analysis::signal_processing::beamforming::neural::config::tests::test_config_validation_invalid_architecture ... ok
test analysis::signal_processing::beamforming::neural::config::tests::test_config_validation_invalid_batch_size ... ok
test analysis::signal_processing::beamforming::neural::config::tests::test_config_validation_invalid_learning_rate ... ok
test analysis::signal_processing::beamforming::neural::config::tests::test_config_validation_invalid_physics_weight ... ok
test analysis::signal_processing::beamforming::neural::config::tests::test_config_validation_invalid_sensor_count ... ok
test analysis::signal_processing::beamforming::neural::config::tests::test_mode_default ... ok
test analysis::signal_processing::beamforming::neural::config::tests::test_config_validation_valid ... ok
test analysis::signal_processing::beamforming::neural::beamformer::tests::test_signal_quality_assessment ... ok
test analysis::signal_processing::beamforming::neural::config::tests::test_sensor_geometry_phased ... ok
test analysis::signal_processing::beamforming::neural::config::tests::test_sensor_geometry_linear ... ok
test analysis::signal_processing::beamforming::neural::config::tests::test_physics_parameters_default ... ok
test analysis::signal_processing::beamforming::neural::features::tests::test_concatenate_empty ... ok
test analysis::signal_processing::beamforming::narrowband::capon::tests::complex_baseband_mvdr_is_invariant_to_global_time_shift ... ok
test analysis::signal_processing::beamforming::neural::features::tests::test_concatenate_features ... ok
test analysis::signal_processing::beamforming::neural::features::tests::test_edge_cases_uniform_image ... ok
test analysis::signal_processing::beamforming::neural::features::tests::test_extract_all_features ... ok
test analysis::signal_processing::beamforming::neural::features::tests::test_laplacian ... ok
test analysis::signal_processing::beamforming::neural::features::tests::test_local_entropy ... ok
test analysis::signal_processing::beamforming::neural::features::tests::test_local_std ... ok
test analysis::signal_processing::beamforming::neural::features::tests::test_spatial_gradient ... ok
test analysis::signal_processing::beamforming::neural::features::tests::test_normalize_features ... ok
test analysis::signal_processing::beamforming::neural::features::tests::test_zero_image ... ok
test analysis::signal_processing::beamforming::neural::layer::tests::test_neural_layer_adaptation ... ok
test analysis::signal_processing::beamforming::neural::layer::tests::test_neural_layer_activation_range ... ok
test analysis::signal_processing::beamforming::neural::layer::tests::test_layer_linearity_before_activation ... ok
test analysis::signal_processing::beamforming::neural::layer::tests::test_neural_layer_dimension_mismatch ... ok
test analysis::signal_processing::beamforming::neural::layer::tests::test_neural_layer_creation ... ok
test analysis::signal_processing::beamforming::neural::layer::tests::test_neural_layer_forward ... ok
test analysis::signal_processing::beamforming::neural::layer::tests::test_neural_layer_zero_sizes ... ok
test analysis::signal_processing::beamforming::neural::layer::tests::test_neural_layer_forward_shape_preservation ... ok
test analysis::signal_processing::beamforming::neural::layer::tests::test_tanh_activation_zero_input ... ok
test analysis::signal_processing::beamforming::neural::network::tests::test_network_adaptation ... ok
test analysis::signal_processing::beamforming::neural::network::tests::test_feature_concatenation ... ok
test analysis::signal_processing::beamforming::neural::network::tests::test_network_forward ... ok
test analysis::signal_processing::beamforming::neural::physics::tests::test_adaptive_weight_update ... ok
test analysis::signal_processing::beamforming::neural::layer::tests::test_xavier_initialization_bounds ... ok
test analysis::signal_processing::beamforming::neural::physics::tests::test_boundary_preservation ... ok
test analysis::signal_processing::beamforming::neural::physics::tests::test_coherence_diffusion ... ok
test analysis::signal_processing::beamforming::neural::network::tests::test_network_invalid_architecture ... ok
test analysis::signal_processing::beamforming::neural::physics::tests::test_combined_constraints ... ok
test analysis::signal_processing::beamforming::neural::physics::tests::test_physics_constraints_default ... ok
test analysis::signal_processing::beamforming::neural::physics::tests::test_reciprocity_smoothing ... ok
test analysis::signal_processing::beamforming::neural::uncertainty::tests::test_local_variance_boundary ... ok
test analysis::signal_processing::beamforming::neural::network::tests::test_network_creation ... ok
test analysis::signal_processing::beamforming::neural::physics::tests::test_sparsity_thresholding ... ok
test analysis::signal_processing::beamforming::neural::tests::test_high_level_api_available ... ok
test analysis::signal_processing::beamforming::neural::tests::test_module_exports ... ok
test analysis::signal_processing::beamforming::neural::physics::tests::test_physics_constraints_creation ... ok
test analysis::signal_processing::beamforming::neural::uncertainty::tests::test_local_variance_computation ... ok
test analysis::signal_processing::beamforming::neural::uncertainty::tests::test_uncertainty_estimator_creation ... ok
test analysis::signal_processing::beamforming::neural::uncertainty::tests::test_uncertainty_estimator_default ... ok
test analysis::signal_processing::beamforming::test_utilities::tests::test_angle_constants ... ok
test analysis::signal_processing::beamforming::test_utilities::tests::test_angle_conversion ... ok
test analysis::signal_processing::beamforming::test_utilities::tests::test_builder_pattern ... ok
test analysis::signal_processing::beamforming::test_utilities::tests::test_covariance_is_hermitian ... ok
test analysis::signal_processing::beamforming::test_utilities::tests::test_covariance_is_positive_definite ... ok
test analysis::signal_processing::beamforming::test_utilities::tests::test_diagonal_dominant_covariance ... ok
test analysis::signal_processing::beamforming::test_utilities::tests::test_identity_covariance ... ok
test analysis::signal_processing::beamforming::test_utilities::tests::test_rank_deficient_covariance ... ok
test analysis::signal_processing::beamforming::test_utilities::tests::test_steering_broadside_is_ones ... ok
test analysis::signal_processing::beamforming::test_utilities::tests::test_steering_vector_unit_elements ... ok
test analysis::signal_processing::beamforming::tests::test_adaptive_beamformer_export ... ok
test analysis::signal_processing::beamforming::tests::test_delay_reference_export ... ok
test analysis::signal_processing::beamforming::tests::test_module_structure ... ok
test analysis::signal_processing::beamforming::tests::test_subspace_export ... ok
test analysis::signal_processing::beamforming::neural::uncertainty::tests::test_uncertainty_estimation_varying ... ok
test analysis::signal_processing::beamforming::time_domain::das::tests::das_aligns_impulses_with_reference_sensor_0 ... ok
test analysis::signal_processing::beamforming::time_domain::das::tests::das_applies_apodization_weights ... ok
test analysis::signal_processing::beamforming::time_domain::das::tests::das_handles_earliest_arrival_reference ... ok
test analysis::signal_processing::beamforming::time_domain::das::tests::das_handles_negative_relative_delays ... ok
test analysis::signal_processing::beamforming::time_domain::das::tests::das_rejects_empty_arrays ... ok
test analysis::signal_processing::beamforming::time_domain::das::tests::das_preserves_zero_input ... ok
test analysis::signal_processing::beamforming::time_domain::das::tests::das_rejects_invalid_channel_dimension ... ok
test analysis::signal_processing::beamforming::time_domain::das::tests::das_rejects_invalid_sampling_frequency ... ok
test analysis::signal_processing::beamforming::neural::uncertainty::tests::test_uncertainty_estimation_uniform ... ok
test analysis::signal_processing::beamforming::time_domain::das::tests::das_rejects_mismatched_array_lengths ... ok
test analysis::signal_processing::beamforming::time_domain::das::tests::default_delay_reference_is_sensor_zero ... ok
test analysis::signal_processing::beamforming::time_domain::delay_reference::tests::alignment_shifts_are_negative_relative_delays ... ok
test analysis::signal_processing::beamforming::time_domain::delay_reference::tests::earliest_and_latest_reference ... ok
test analysis::signal_processing::beamforming::time_domain::delay_reference::tests::earliest_arrival_makes_all_relative_delays_non_negative ... ok
test analysis::signal_processing::beamforming::time_domain::delay_reference::tests::latest_arrival_makes_all_relative_delays_non_positive ... ok
test analysis::signal_processing::beamforming::time_domain::delay_reference::tests::recommended_default_is_sensor_zero ... ok
test analysis::signal_processing::beamforming::time_domain::delay_reference::tests::rejects_empty_delays ... ok
test analysis::signal_processing::beamforming::time_domain::delay_reference::tests::rejects_negative_delays ... ok
test analysis::signal_processing::beamforming::time_domain::delay_reference::tests::rejects_non_finite_delays ... ok
test analysis::signal_processing::beamforming::time_domain::delay_reference::tests::rejects_out_of_bounds_sensor_index ... ok
test analysis::signal_processing::beamforming::time_domain::delay_reference::tests::relative_delays_can_be_negative ... ok
test analysis::signal_processing::beamforming::time_domain::delay_reference::tests::relative_delays_match_definition ... ok
test analysis::signal_processing::beamforming::narrowband::snapshots::windowed::tests::stft_bin_snapshots_shape_is_correct ... ok
test analysis::signal_processing::beamforming::time_domain::delay_reference::tests::sensor_index_reference_is_deterministic ... ok
test analysis::signal_processing::beamforming::time_domain::tests::test_module_exports ... ok
test analysis::signal_processing::beamforming::traits::tests::test_apodization_default ... ok
test analysis::signal_processing::beamforming::traits::tests::test_beamformer_trait ... ok
test analysis::signal_processing::beamforming::traits::tests::test_time_domain_beamformer_trait ... ok
test analysis::signal_processing::beamforming::traits::tests::test_trait_object_compatibility ... ok
test analysis::signal_processing::beamforming::utils::sparse::tests::test_build_plane_wave_steering_invalid_dimensions ... ok
test analysis::signal_processing::beamforming::utils::sparse::tests::test_build_plane_wave_steering_invalid_frequency ... ok
test analysis::signal_processing::beamforming::neural::beamformer::tests::test_process_neural_only ... ok
test analysis::signal_processing::beamforming::utils::sparse::tests::test_build_plane_wave_steering_non_unit_direction ... ok
test analysis::signal_processing::beamforming::utils::sparse::tests::test_build_plane_wave_steering_simple ... ok
test analysis::signal_processing::beamforming::utils::sparse::tests::test_sparse_covariance_diagonal_loading ... ok
test analysis::signal_processing::beamforming::utils::sparse::tests::test_sparse_covariance_invalid_inputs ... ok
test analysis::signal_processing::beamforming::utils::sparse::tests::test_sparse_covariance_simple ... ok
test analysis::signal_processing::beamforming::utils::sparse::tests::test_sparse_steering_matrix_builder_creation ... ok
test analysis::signal_processing::beamforming::utils::sparse::tests::test_sparse_steering_matrix_builder_invalid_inputs ... ok
test analysis::signal_processing::beamforming::utils::tests::test_blackman_window ... ok
test analysis::signal_processing::beamforming::utils::tests::test_focused_steering_vector ... ok
test analysis::signal_processing::beamforming::utils::tests::test_hamming_window ... ok
test analysis::signal_processing::beamforming::neural::beamformer::tests::test_process_hybrid ... ok
test analysis::signal_processing::beamforming::utils::tests::test_hanning_window ... ok
test analysis::signal_processing::beamforming::utils::tests::test_invalid_inputs ... ok
test analysis::signal_processing::beamforming::utils::tests::test_linear_interpolate ... ok
test analysis::signal_processing::beamforming::utils::tests::test_plane_wave_steering_vector_broadside ... ok
test analysis::signal_processing::beamforming::utils::tests::test_plane_wave_steering_vector_endfire ... ok
test analysis::signal_processing::filtering::frequency_filter::tests::test_empty_signal_handling ... ok
test analysis::signal_processing::filtering::frequency_filter::tests::test_filter_trait_implementation ... ok
test analysis::signal_processing::filtering::frequency_filter::tests::test_time_window_zeros_outside_window ... ok
test analysis::signal_processing::tests::test_beamforming_exports ... ok
test analysis::signal_processing::filtering::frequency_filter::tests::test_bandpass_passes_in_band_frequency ... ok
test analysis::signal_processing::filtering::frequency_filter::tests::test_bandpass_rejects_out_of_band_frequency ... ok
test analysis::signal_processing::tests::test_module_structure ... ok
test analysis::signal_processing::filtering::frequency_filter::tests::test_highpass_filters_low_frequencies ... ok
test analysis::validation::clinical::tests::test_clinical_validator_creation ... ok
test analysis::validation::clinical::tests::test_bmode_validation_fail ... ok
test analysis::validation::clinical::tests::test_safety_validation ... ok
test analysis::validation::clinical::tests::test_bmode_validation_pass ... ok
test analysis::validation::clinical::tests::test_safety_validation_fail ... ok
test analysis::validation::tests::test_cfl_validation ... ok
test analysis::signal_processing::filtering::frequency_filter::tests::test_lowpass_filters_high_frequencies ... ok
test analysis::validation::theorem_validation::tests::test_beer_lambert_validation ... ok
test analysis::validation::theorem_validation::tests::test_cfl_validation ... ok
test analysis::validation::theorem_validation::tests::test_comprehensive_validation ... ok
test architecture::tests::test_import_validation ... ok
test analysis::validation::theorem_validation::tests::test_validation_report ... ok
test architecture::tests::test_module_naming_check ... ok
test architecture::tests::test_module_size_check ... ok
test architecture::tests::test_quality_report_compliance ... ok
test analysis::signal_processing::beamforming::neural::beamformer::tests::test_process_adaptive ... ok
test clinical::imaging::phantoms::tests::test_layered_tissue_phantom ... ok
test clinical::imaging::workflows::tests::test_clinical_workflow_creation ... ok
test clinical::imaging::workflows::tests::test_diagnostic_recommendations ... ok
test clinical::imaging::workflows::tests::test_realtime_performance_check ... ok
test clinical::imaging::phantoms::tests::test_tumor_detection_phantom ... ok
test clinical::safety::tests::test_compliance_validator ... ok
test clinical::imaging::phantoms::tests::test_breast_tumor_phantom ... ok
test clinical::safety::tests::test_dose_controller ... ok
test clinical::safety::tests::test_interlock_system ... ok
test clinical::imaging::phantoms::tests::test_vascular_phantom ... ok
test clinical::safety::tests::test_safety_limits_creation ... ok
test clinical::safety::tests::test_safety_monitor_critical_violation ... ok
test clinical::safety::tests::test_safety_monitor_normal_operation ... ok
test clinical::therapy::lithotripsy::stone_fracture::tests::test_calcium_oxalate_properties ... ok
test clinical::imaging::phantoms::tests::test_skin_tissue_phantom ... ok
test clinical::therapy::lithotripsy::stone_fracture::tests::test_fracture_model_initialization ... ok
test clinical::therapy::lithotripsy::stone_fracture::tests::test_damage_accumulation ... ok
test clinical::therapy::lithotripsy::stone_fracture::tests::test_material_accessor ... ok
test clinical::therapy::lithotripsy::stone_fracture::tests::test_damage_saturation ... ok
test clinical::therapy::lithotripsy::stone_fracture::tests::test_material_composition ... ok
test clinical::therapy::lithotripsy::stone_fracture::tests::test_no_damage_below_threshold ... ok
test clinical::imaging::phantoms::tests::test_vascular_network_phantom ... ok
test clinical::therapy::lithotripsy::stone_fracture::tests::test_stone_type_differences ... ok
test clinical::therapy::microbubble_dynamics::service::tests::test_create_service ... ok
test clinical::therapy::lithotripsy::tests::test_lithotripsy_simulator_creation ... ok
test clinical::therapy::microbubble_dynamics::service::tests::test_effective_mass ... ok
test clinical::therapy::lithotripsy::tests::test_stone_volume_calculation ... ok
test clinical::therapy::microbubble_dynamics::service::tests::test_sample_acoustic_field ... ok
test clinical::imaging::phantoms::tests::test_blood_oxygenation_phantom ... ok
test clinical::therapy::swe_3d_workflows::tests::test_breast_lesion_classification ... ok
test clinical::therapy::microbubble_dynamics::service::tests::test_shell_rupture_detection ... ok
test clinical::imaging::phantoms::tests::test_standard_blood_oxygenation ... ok
test clinical::therapy::swe_3d_workflows::tests::test_clinical_report_generation ... ok
test clinical::therapy::swe_3d_workflows::tests::test_liver_fibrosis_classification ... ok
test clinical::therapy::swe_3d_workflows::tests::test_roi_contains_point ... ok
test clinical::therapy::microbubble_dynamics::service::tests::test_update_bubble_dynamics_basic ... ok
test clinical::therapy::swe_3d_workflows::tests::test_volumetric_roi_creation ... ok
test clinical::therapy::swe_3d_workflows::tests::test_volumetric_statistics ... ok
test clinical::therapy::swe_3d_workflows::tests::test_elasticity_map_3d_creation ... ok
test clinical::therapy::swe_3d_workflows::tests::test_multi_planar_reconstruction ... ok
test clinical::therapy::swe_3d_workflows::tests::test_slice_extraction ... ok
test clinical::therapy::therapy_integration::orchestrator::chemical::tests::test_bubble_radius_modulation ... ok
test clinical::therapy::microbubble_dynamics::service::tests::test_drug_release_over_time ... ok
test clinical::therapy::therapy_integration::orchestrator::chemical::tests::test_temperature_field_baseline ... ok
test clinical::therapy::therapy_integration::orchestrator::cavitation::tests::test_cavitation_control_activity_above_threshold ... ok
test clinical::therapy::therapy_integration::orchestrator::cavitation::tests::test_cavitation_control_no_activity_below_threshold ... ok
test clinical::therapy::therapy_integration::orchestrator::cavitation::tests::test_cavitation_control_spatial_variation ... ok
test clinical::therapy::therapy_integration::orchestrator::chemical::tests::test_temperature_field_spatial_decay ... ok
test clinical::therapy::therapy_integration::orchestrator::microbubble::tests::test_microbubble_dynamics_integration ... ok
test clinical::therapy::therapy_integration::orchestrator::microbubble::tests::test_microbubble_dynamics_timestep_validation ... ok
test clinical::therapy::therapy_integration::orchestrator::safety::tests::test_cavitation_dose_accumulation ... ok
test clinical::therapy::therapy_integration::orchestrator::microbubble::tests::test_microbubble_dynamics_returns_concentration_field ... ok
test clinical::therapy::therapy_integration::orchestrator::safety::tests::test_mechanical_index_calculation ... ok
test clinical::therapy::therapy_integration::orchestrator::lithotripsy::tests::test_lithotripsy_completion ... ok
test clinical::therapy::therapy_integration::orchestrator::safety::tests::test_safety_limit_checking_all_safe ... ok
test clinical::therapy::therapy_integration::orchestrator::lithotripsy::tests::test_lithotripsy_progress_tracking ... ok
test clinical::therapy::therapy_integration::orchestrator::safety::tests::test_safety_limit_mechanical_exceeded ... ok
test clinical::therapy::therapy_integration::orchestrator::safety::tests::test_safety_limit_thermal_exceeded ... ok
test clinical::therapy::therapy_integration::orchestrator::safety::tests::test_safety_limit_time_exceeded ... ok
test clinical::therapy::therapy_integration::orchestrator::safety::tests::test_thermal_index_calculation ... ok
test clinical::therapy::therapy_integration::orchestrator::tests::test_safety_limit_checking ... ok
test clinical::therapy::therapy_integration::orchestrator::microbubble::tests::test_microbubble_concentration_remains_positive ... ok
test clinical::therapy::therapy_integration::tissue::tests::test_tissue_property_map_extraction ... ok
test clinical::therapy::therapy_integration::tissue::tests::test_tissue_property_map_bounds_checking ... ok
test clinical::therapy::therapy_integration::tissue::tests::test_tissue_property_map_convenience_constructors ... ok
test clinical::therapy::lithotripsy::tests::test_simulation_state ... ok
test clinical::therapy::therapy_integration::tissue::tests::test_tissue_property_map_round_trip ... ok
test clinical::therapy::therapy_integration::tissue::tests::test_tissue_property_map_shape_consistency ... ok
test clinical::therapy::therapy_integration::tissue::tests::test_tissue_property_map_uniform_composition ... ok
test core::arena::tests::test_bump_arena_allocation ... ok
test core::arena::tests::test_bump_arena_creation ... ok
test core::arena::tests::test_arena_stats ... ok
test core::arena::tests::test_field_arena_allocation ... ok
test clinical::therapy::therapy_integration::tissue::tests::test_tissue_property_map_heterogeneous_simulation ... ok
test core::arena::tests::test_field_arena_creation ... ok
test core::arena::tests::test_field_pool ... ok
test core::arena::tests::test_memory_pool ... ok
test core::arena::tests::test_performance_monitor ... ok
test core::arena::tests::test_simulation_arena_creation ... ok
test core::utils::array_utils::tests::test_filled_3d ... ok
test core::utils::array_utils::tests::test_zeros_3d ... ok
test core::utils::format::tests::test_format_bytes ... ok
test core::utils::format::tests::test_format_duration ... ok
test core::utils::format::tests::test_format_si_number ... ok
test clinical::therapy::therapy_integration::orchestrator::lithotripsy::tests::test_lithotripsy_step_execution ... ok
test core::utils::iterators::tests::test_chunked_processor ... ok
test domain::boundary::bem::tests::test_bem_boundary_manager_creation ... ok
test clinical::therapy::therapy_integration::tissue::tests::test_tissue_property_map_clinical_workflow ... ok
test domain::boundary::bem::tests::test_dirichlet_boundary_condition ... ok
test domain::boundary::bem::tests::test_robin_boundary_condition ... ok
test core::utils::iterators::tests::test_gradient_computer ... ok
test domain::boundary::coupling::tests::test_adaptive_boundary ... ok
test domain::boundary::bem::tests::test_neumann_boundary_condition ... ok
test clinical::therapy::therapy_integration::orchestrator::tests::test_therapy_orchestrator_creation ... ok
test domain::boundary::bem::tests::test_radiation_boundary_condition ... ok
test domain::boundary::coupling::tests::test_impedance_boundary ... ok
test domain::boundary::coupling::tests::test_material_interface_coefficients ... ok
test domain::boundary::coupling::tests::test_multiphysics_interface ... ok
test domain::boundary::fem::tests::test_dirichlet_boundary_condition ... ok
test domain::boundary::fem::tests::test_fem_boundary_manager_creation ... ok
test domain::boundary::fem::tests::test_neumann_boundary_condition ... ok
test domain::boundary::fem::tests::test_radiation_boundary_condition ... ok
test domain::boundary::fem::tests::test_robin_boundary_condition ... ok
test domain::boundary::traits::tests::test_boundary_directions ... ok
test domain::boundary::traits::tests::test_boundary_layer ... ok
test domain::boundary::traits::tests::test_polynomial_profile ... ok
test domain::boundary::types::tests::test_acoustic_to_general_conversion ... ok
test domain::boundary::types::tests::test_boundary_face ... ok
test domain::boundary::field_updater::tests::test_divergence_computation ... ok
test domain::boundary::types::tests::test_boundary_spec ... ok
test domain::boundary::types::tests::test_boundary_type_creation ... ok
test domain::boundary::types::tests::test_elastic_conversion ... ok
test domain::boundary::types::tests::test_electromagnetic_conversion ... ok
test domain::boundary::types::tests::test_time_dependent_spec ... ok
test domain::field::electromagnetic::tests::test_em_fields_creation ... ok
test domain::field::electromagnetic::tests::test_field_validation ... ok
test domain::field::electromagnetic::tests::test_poynting_vector_2d ... ok
test domain::field::mapping::tests::test_display ... ok
test domain::field::mapping::tests::test_field_index_consistency ... ok
test domain::boundary::field_updater::tests::test_field_updater_creation ... ok
test domain::field::mapping::tests::test_field_indices_are_unique ... ok
test domain::field::mapping::tests::test_from_index ... ok
test domain::geometry::tests::test_boundary_classification ... ok
test domain::geometry::tests::test_normal_computation ... ok
test domain::geometry::tests::test_rectangular_2d ... ok
test domain::geometry::tests::test_rectangular_1d ... ok
test domain::geometry::tests::test_spherical_2d ... ok
test domain::geometry::tests::test_sampling ... ok
test domain::grid::adapter::tests::test_adapter_metric ... ok
test domain::grid::adapter::tests::test_adapter_topology_trait ... ok
test domain::grid::adapter::tests::test_extension_trait ... ok
test domain::grid::adapter::tests::test_field_creation ... ok
test domain::grid::adapter::tests::test_grid_adapter_creation ... ok
test domain::grid::adapter::tests::test_into_topology_conversion ... ok
test domain::grid::adapter::tests::test_k_max_preservation ... ok
test domain::grid::operators::coefficients::tests::test_first_derivative_coefficients ... ok
test domain::grid::operators::coefficients::tests::test_generic_float_types ... ok
test domain::grid::operators::coefficients::tests::test_second_derivative_coefficients ... ok
test domain::grid::operators::curl::tests::test_curl_constant_field ... ok
test domain::grid::operators::curl::tests::test_curl_simple_rotation ... ok
test domain::grid::operators::divergence::tests::test_divergence_constant_field ... ok
test domain::grid::operators::divergence::tests::test_divergence_linear_field ... ok
test domain::grid::operators::laplacian::tests::test_laplacian_constant_field ... ok
test domain::grid::operators::laplacian::tests::test_laplacian_linear_field ... ok
test domain::grid::topology::tests::test_cartesian_coordinates ... ok
test domain::grid::topology::tests::test_cartesian_creation ... ok
test domain::grid::topology::tests::test_cartesian_metric ... ok
test domain::grid::topology::tests::test_cylindrical_coordinate_accessors ... ok
test domain::grid::topology::tests::test_cylindrical_coordinates ... ok
test domain::grid::topology::tests::test_cylindrical_creation ... ok
test domain::grid::topology::tests::test_cylindrical_meshgrid ... ok
test domain::grid::topology::tests::test_cylindrical_metric ... ok
test domain::grid::topology::tests::test_cylindrical_wavenumbers ... ok
test domain::grid::topology::tests::test_invalid_dimensions ... ok
test domain::grid::topology::tests::test_invalid_spacing ... ok
test domain::grid::topology::tests::test_topology_field_creation ... ok
test domain::grid::operators::laplacian::tests::test_different_orders ... ok
test analysis::signal_processing::beamforming::neural::beamformer::tests::test_metrics_tracking ... ok
test domain::medium::adapters::cylindrical::tests::test_projection_with_nonlinearity ... ok
test domain::boundary::field_updater::tests::test_gradient_updater ... ok
test domain::medium::analytical_properties::tests::test_acoustic_impedance ... ok
test domain::medium::analytical_properties::tests::test_optical_impedance ... ok
test domain::medium::adapters::cylindrical::tests::test_heterogeneous_projection ... ok
test domain::boundary::field_updater::tests::test_legacy_compatibility ... ok
test domain::medium::analytical_properties::tests::test_water_properties ... ok
test domain::medium::anisotropic::fiber::tests::test_fiber_orientation_conversion ... ok
test domain::medium::core::tests::test_max_sound_speed ... ok
test domain::medium::core::tests::test_max_sound_speed_pointwise ... ok
test domain::medium::anisotropic::fiber::tests::test_fiber_orientation_roundtrip ... ok
test domain::medium::frequency_dependent::tests::test_frequency_dependent_nonlinearity ... ok
test domain::medium::frequency_dependent::tests::test_phase_velocity ... ok
test domain::medium::homogeneous::implementation::tests::test_air_properties ... ok
test domain::medium::homogeneous::implementation::tests::test_water_properties ... ok
test domain::medium::homogeneous::implementation::tests::test_blood_properties ... ok
test domain::medium::properties::acoustic::tests::test_acoustic_impedance ... ok
test domain::medium::properties::acoustic::tests::test_acoustic_absorption ... ok
test domain::medium::properties::acoustic::tests::test_acoustic_validation ... ok
test domain::medium::properties::composite::tests::test_material_acoustic_only ... ok
test domain::medium::properties::composite::tests::test_material_builder_missing_acoustic - should panic ... ok
test domain::medium::properties::composite::tests::test_material_builder ... ok
test domain::medium::properties::composite::tests::test_property_physical_bounds ... ok
test domain::medium::properties::composite::tests::test_material_presets ... ok
test domain::medium::properties::elastic::tests::test_elastic_from_wave_speeds ... ok
test domain::medium::properties::elastic::tests::test_elastic_engineering_conversion ... ok
test domain::medium::properties::elastic::tests::test_elastic_from_wave_speeds_validation ... ok
test domain::medium::properties::elastic::tests::test_elastic_moduli_relations ... ok
test domain::medium::properties::elastic::tests::test_elastic_poisson_bounds ... ok
test domain::medium::properties::elastic::tests::test_elastic_wave_speed_round_trip ... ok
test domain::medium::properties::elastic::tests::test_elastic_wave_speeds ... ok
test domain::medium::properties::electromagnetic::tests::test_em_skin_depth ... ok
test domain::medium::properties::electromagnetic::tests::test_em_validation ... ok
test domain::medium::properties::electromagnetic::tests::test_em_refractive_index ... ok
test domain::medium::properties::optical::tests::test_optical_fresnel_reflectance ... ok
test domain::medium::properties::optical::tests::test_optical_mean_free_path ... ok
test domain::medium::properties::optical::tests::test_optical_presets ... ok
test domain::medium::properties::optical::tests::test_optical_penetration_depth ... ok
test domain::medium::properties::electromagnetic::tests::test_em_wave_speed ... ok
test domain::medium::properties::optical::tests::test_optical_albedo ... ok
test domain::medium::properties::optical::tests::test_optical_reduced_scattering ... ok
test domain::medium::properties::optical::tests::test_optical_validation ... ok
test domain::medium::properties::strength::tests::test_strength_hardness_estimate ... ok
test domain::medium::properties::optical::tests::test_optical_total_attenuation ... ok
test domain::medium::properties::thermal::tests::test_thermal_bioheat_detection ... ok
test domain::medium::properties::thermal::tests::test_thermal_diffusivity ... ok
test domain::medium::properties::thermal::tests::test_thermal_validation ... ok
test domain::medium::properties::strength::tests::test_strength_validation ... ok
test domain::sensor::beamforming::adaptive::conventional::tests::test_delay_and_sum ... ok
test domain::sensor::beamforming::adaptive::tapering::tests::test_adaptive_tapering ... ok
test domain::mesh::tetrahedral::tests::adjacency_is_symmetric_for_shared_face ... ok
test domain::mesh::tetrahedral::tests::non_manifold_face_is_rejected ... ok
test domain::sensor::beamforming::adaptive::tapering::tests::test_covariance_tapering ... ok
test domain::mesh::tetrahedral::tests::tetrahedron_volume_unit_is_one_sixth ... ok
test domain::mesh::tetrahedral::tests::point_location_barycentric_is_correct ... ok
test domain::sensor::beamforming::adaptive::tapering::tests::test_covariance_tapering_types ... ok
test domain::sensor::beamforming::beamforming_3d::apodization::tests::test_custom_window ... ok
test domain::sensor::beamforming::beamforming_3d::apodization::tests::test_hamming_window ... ok
test domain::sensor::beamforming::beamforming_3d::apodization::tests::test_blackman_window ... ok
test domain::sensor::beamforming::beamforming_3d::apodization::tests::test_hann_window ... ok
test domain::sensor::beamforming::beamforming_3d::apodization::tests::test_gaussian_window ... ok
test domain::sensor::beamforming::beamforming_3d::apodization::tests::test_normalized_radius_center ... ok
test domain::sensor::beamforming::beamforming_3d::apodization::tests::test_normalized_radius_edge ... ok
test domain::sensor::beamforming::beamforming_3d::apodization::tests::test_rectangular_window ... ok
test domain::sensor::beamforming::beamforming_3d::config::tests::test_algorithm_variants ... ok
test domain::sensor::beamforming::beamforming_3d::config::tests::test_apodization_window_shader_id ... ok
test domain::sensor::beamforming::beamforming_3d::config::tests::test_apodization_window_variants ... ok
test domain::sensor::beamforming::beamforming_3d::config::tests::test_metrics_default ... ok
test domain::sensor::beamforming::beamforming_3d::delay_sum::tests::test_params_layout ... ok
test domain::sensor::beamforming::beamforming_3d::metrics::tests::test_cpu_memory_calculation_no_buffer ... ok
test domain::sensor::beamforming::beamforming_3d::config::tests::test_beamforming_config_3d_default ... ok
test domain::sensor::beamforming::beamforming_3d::metrics::tests::test_gpu_memory_calculation ... ok
test domain::sensor::beamforming::beamforming_3d::metrics::tests::test_memory_scales_with_config ... ok
test domain::sensor::beamforming::beamforming_3d::processing::tests::test_validate_input_channel_mismatch ... ok
test domain::sensor::beamforming::beamforming_3d::processing::tests::test_validate_input_empty_data ... ok
test domain::sensor::beamforming::beamforming_3d::delay_sum::tests::test_element_positions_generation ... ok
test domain::sensor::beamforming::beamforming_3d::streaming::tests::test_rf_buffer_size_bytes ... ok
test domain::sensor::beamforming::beamforming_3d::steering::tests::test_steering_vector_3d_dimensions ... ok
test domain::sensor::beamforming::beamforming_3d::steering::tests::test_steering_vector_3d_unit_magnitude ... ok
test domain::sensor::beamforming::beamforming_3d::streaming::tests::test_streaming_buffer_dimension_mismatch ... ok
test domain::sensor::beamforming::beamforming_3d::streaming::tests::test_streaming_buffer_add_frame ... ok
test domain::sensor::beamforming::beamforming_3d::streaming::tests::test_streaming_buffer_creation ... ok
test domain::sensor::beamforming::beamforming_3d::steering::tests::test_steering_vector_3d_different_positions ... ok
test domain::sensor::beamforming::beamforming_3d::streaming::tests::test_streaming_buffer_reset ... ok
test domain::sensor::beamforming::beamforming_3d::tests::test_algorithm_delay_and_sum ... ok
test domain::sensor::beamforming::beamforming_3d::tests::test_algorithm_mvdr_3d ... ok
test domain::sensor::beamforming::beamforming_3d::tests::test_apodization_window_types ... ok
test domain::sensor::beamforming::beamforming_3d::tests::test_beamforming_config_3d_default ... ok
test domain::sensor::beamforming::config::tests::pam_policy_to_core_capon_loading_and_midpoint_frequency ... ok
test domain::sensor::beamforming::beamforming_3d::tests::test_beamforming_metrics_default ... ok
test domain::sensor::beamforming::config::tests::pam_policy_to_core_non_capon_preserves_core_loading_and_sets_reference_frequency ... ok
test domain::sensor::beamforming::beamforming_3d::tests::test_processor_creation_cpu_only ... ok
test domain::medium::adapters::cylindrical::tests::test_homogeneous_projection ... ok
test domain::sensor::beamforming::neural::clinical::tests::test_clinical_decision_support_creation ... ok
test domain::sensor::beamforming::neural::clinical::tests::test_clinical_significance_assessment ... ok
test domain::sensor::beamforming::neural::clinical::tests::test_diagnostic_confidence_no_lesions ... ok
test domain::sensor::beamforming::covariance::tests::spatial_smoothing_complex_shapes_match ... ok
test domain::medium::adapters::cylindrical::tests::test_accessor_methods ... ok
test domain::medium::adapters::cylindrical::tests::test_projection_physical_bounds ... ok
test domain::sensor::beamforming::covariance::tests::estimate_complex_rejects_empty ... ok
test domain::sensor::beamforming::covariance::tests::forward_backward_averaging_complex_preserves_hermitian_structure ... ok
test domain::sensor::beamforming::covariance::tests::estimate_complex_is_hermitian_for_simple_data ... ok
test domain::sensor::beamforming::covariance::tests::shrinkage_to_identity_real_preserves_symmetry_and_improves_diagonal ... ok
test domain::sensor::beamforming::neural::clinical::tests::test_lesion_type_classification ... ok
test domain::sensor::beamforming::neural::clinical::tests::test_recommendations_no_lesions ... ok
test domain::sensor::beamforming::neural::clinical::tests::test_local_statistics_computation ... ok
test domain::sensor::beamforming::neural::clinical::tests::test_recommendations_with_lesions ... ok
test domain::sensor::beamforming::neural::config::tests::test_clinical_thresholds_validation ... ok
test domain::sensor::beamforming::neural::config::tests::test_ai_config_validation ... FAILED
test domain::sensor::beamforming::neural::clinical::tests::test_lesion_size_estimation ... ok
test domain::medium::adapters::cylindrical::tests::test_property_positive_density ... ok
test domain::sensor::beamforming::neural::config::tests::test_default_configs_are_valid ... FAILED
test domain::sensor::beamforming::neural::clinical::tests::test_diagnostic_confidence_with_lesions ... ok
test domain::sensor::beamforming::neural::config::tests::test_clinical_presets ... ok
test domain::sensor::beamforming::neural::config::tests::test_feature_config_validation ... ok
test domain::sensor::beamforming::neural::diagnosis::tests::test_diagnosis_algorithm_creation ... ok
test domain::medium::adapters::cylindrical::tests::test_projection_index_consistency ... ok
test domain::sensor::beamforming::neural::diagnosis::tests::test_diagnosis_multiple_lesions ... ok
test domain::sensor::beamforming::neural::diagnosis::tests::test_diagnosis_no_lesions ... ok
test domain::medium::adapters::cylindrical::tests::test_spacing_and_dimensions ... ok
test domain::medium::adapters::cylindrical::tests::test_property_non_negative_absorption ... ok
test domain::sensor::beamforming::neural::diagnosis::tests::test_diagnosis_single_lesion ... ok
test domain::sensor::beamforming::neural::diagnosis::tests::test_priority_assessment ... ok
test domain::sensor::beamforming::neural::diagnosis::tests::test_report_generation ... ok
test domain::medium::adapters::cylindrical::tests::test_projection_validates ... ok
test domain::sensor::beamforming::neural::diagnosis::tests::test_report_no_lesions ... ok
test domain::medium::adapters::cylindrical::tests::test_property_sound_speed_bounds ... ok
test domain::medium::adapters::cylindrical::tests::test_property_homogeneity_preservation ... ok
test domain::sensor::beamforming::neural::features::tests::test_feature_extractor_creation ... ok
test domain::medium::adapters::cylindrical::tests::test_projection_validates_bounds ... ok
test domain::sensor::beamforming::neural::features::tests::test_gradient_magnitude_constant_volume ... ok
test domain::sensor::beamforming::neural::features::tests::test_gradient_magnitude_step_edge ... ok
test domain::sensor::beamforming::neural::features::tests::test_homogeneity_uniform_region ... ok
test domain::sensor::beamforming::neural::features::tests::test_laplacian_constant_volume ... ok
test domain::sensor::beamforming::neural::features::tests::test_extract_all_features ... ok
test domain::sensor::beamforming::neural::features::tests::test_selective_feature_extraction ... ok
test domain::sensor::beamforming::neural::tests::test_clinical_decision_support_creation ... ok
test domain::sensor::beamforming::neural::tests::test_clinical_thresholds_presets ... ok
test domain::sensor::beamforming::neural::tests::test_clinical_analysis_queries ... ok
test domain::sensor::beamforming::neural::tests::test_config_default ... FAILED
test domain::sensor::beamforming::neural::tests::test_diagnosis_algorithm_creation ... ok
test domain::sensor::beamforming::neural::features::tests::test_local_frequency_constant_region ... ok
test domain::sensor::beamforming::neural::tests::test_feature_config_validation ... FAILED
test domain::sensor::beamforming::neural::tests::test_feature_extractor_creation ... ok
test domain::sensor::beamforming::neural::tests::test_feature_map_operations ... ok
test domain::sensor::beamforming::neural::tests::test_workflow_creation ... ok
test domain::sensor::beamforming::neural::features::tests::test_laplacian_spherical_blob ... FAILED
test domain::sensor::beamforming::neural::types::tests::test_clinical_analysis_lesion_counting ... ok
test domain::sensor::beamforming::neural::types::tests::test_feature_map_creation ... ok
test domain::sensor::beamforming::neural::types::tests::test_lesion_detection_risk_assessment ... ok
test domain::sensor::beamforming::neural::types::tests::test_performance_metrics_analysis ... ok
test domain::sensor::beamforming::neural::types::tests::test_performance_metrics_realtime ... ok
test domain::sensor::beamforming::neural::types::tests::test_tissue_classification_queries ... ok
test domain::sensor::beamforming::neural::workflow::tests::test_execution_count ... ok
test domain::sensor::beamforming::neural::workflow::tests::test_health_status ... ok
test domain::sensor::beamforming::neural::workflow::tests::test_median_computation ... ok
test domain::sensor::beamforming::neural::workflow::tests::test_performance_stats ... ok
test domain::sensor::beamforming::neural::workflow::tests::test_performance_target ... ok
test domain::sensor::beamforming::neural::workflow::tests::test_workflow_creation ... ok
test domain::sensor::beamforming::neural::workflow::tests::test_rolling_window ... FAILED
test domain::sensor::beamforming::neural::workflow::tests::test_reset ... ok
test domain::sensor::beamforming::processor::tests::delay_and_sum_equal_delays_sums_channels ... ok
test domain::sensor::beamforming::processor::tests::capon_uniform_constant_signal_expected_gain ... ok
test domain::sensor::beamforming::time_domain::tests::delay_and_sum_runs ... ok
test domain::sensor::beamforming::time_domain::tests::delay_reference_defaults ... ok
test domain::sensor::grid_sampling::tests::dedup_in_place_removes_duplicates_preserving_first_order ... ok
test domain::sensor::grid_sampling::tests::sample_returns_none_for_out_of_bounds ... ok
test domain::sensor::grid_sampling::tests::to_mask_marks_in_bounds_points_only ... ok
test domain::sensor::localization::algorithms::tests::test_tdoa_localization_basic ... ok
test domain::sensor::localization::algorithms::tests::test_toa_localization_basic ... ok
test domain::sensor::localization::multilateration::core::tests::test_multilateration_adaptive_four ... ok
test domain::sensor::localization::multilateration::core::tests::test_multilateration_adaptive_three ... ok
test domain::sensor::localization::multilateration::core::tests::test_multilateration_ill_conditioned_cholesky_lm ... ok
test domain::sensor::localization::multilateration::core::tests::test_multilateration_ls ... ok
test domain::sensor::localization::multilateration::core::tests::test_multilateration_ml ... ok
test domain::sensor::localization::multilateration::core::tests::test_multilateration_wls ... ok
test domain::sensor::localization::multilateration::trilateration::tests::test_trilateration_ambiguity_flag ... ok
test domain::sensor::localization::beamforming_search::tests::centered_cube_generates_points ... ok
test domain::sensor::localization::multilateration::trilateration::tests::test_trilateration_exact ... ok
test domain::sensor::localization::multilateration::trilateration::tests::test_trilateration_fallback_ls ... ok
test domain::sensor::localization::multilateration::trilateration::tests::test_trilateration_fourth_disambiguation_consistency ... ok
test domain::sensor::localization::multilateration::trilateration::tests::test_trilateration_negative_z ... ok
test domain::sensor::localization::multilateration::trilateration::tests::test_trilateration_rejects_negative_ranges ... ok
test domain::sensor::localization::multilateration::trilateration::tests::test_trilateration_rejects_non_finite_ranges ... ok
test domain::sensor::localization::multilateration::trilateration::tests::test_trilateration_with_fourth_disambiguation ... ok
test domain::signal::analytic::tests::test_empty_signal ... ok
test domain::signal::analytic::tests::test_single_sample ... ok
test domain::signal::filter::tests::test_filter_is_send_sync ... ok
test domain::signal::analytic::tests::test_hilbert_transform_sine ... ok
test domain::signal::analytic::tests::test_hilbert_transform_cosine ... ok
test domain::signal::analytic::tests::test_instantaneous_envelope ... ok
test domain::signal::frequency_sweep::chirp::tests::test_linear_chirp ... ok
test domain::signal::modulation::amplitude::tests::test_am_modulation ... ok
test domain::signal::filter::tests::test_filter_trait_can_be_implemented ... ok
test domain::signal::analytic::tests::test_instantaneous_phase_constant_frequency ... ok
test domain::signal::pulse::train::tests::test_pulse_train ... ok
test domain::signal::special::null_signal::tests::test_null_signal_amplitude ... ok
test domain::signal::modulation::frequency::tests::test_fm_modulation_demodulation ... ok
test domain::signal::special::null_signal::tests::test_null_signal_clone ... ok
test domain::signal::modulation::quadrature::tests::test_qam_modulation_with_hilbert ... ok
test domain::signal::modulation::quadrature::tests::test_qam_modulation_demodulation_roundtrip ... ok
test domain::signal::special::null_signal::tests::test_null_signal_duration ... ok
test domain::signal::modulation::frequency::tests::test_fm_hilbert_based_demodulation_produces_finite_values ... ok
test domain::signal::special::null_signal::tests::test_null_signal_frequency ... ok
test domain::signal::modulation::quadrature::tests::test_qam_quadrature_orthogonality ... ok
test domain::signal::special::null_signal::tests::test_null_signal_phase ... ok
test domain::signal::special::time_varying::tests::test_time_varying_signal_amplitude ... ok
test domain::signal::special::time_varying::tests::test_time_varying_signal_clone ... ok
test domain::signal::special::time_varying::tests::test_time_varying_signal_creation ... ok
test domain::signal::modulation::phase::tests::test_pm_modulation_demodulation_recovers_message_interior ... ok
test domain::signal::special::time_varying::tests::test_time_varying_signal_duration ... ok
test domain::signal::special::time_varying::tests::test_time_varying_signal_empty ... ok
test domain::signal::special::time_varying::tests::test_time_varying_signal_frequency ... ok
test domain::signal::tests::create_cw_signals_broadcasts_phase ... ok
test domain::signal::tests::tone_burst_series_respects_offset_and_length ... ok
test domain::sensor::localization::multilateration::trilateration::tests::proptest_trilateration_exact_random ... ok
test domain::signal::window::tests::apply_window_rejects_mismatched_lengths ... ok
test domain::sensor::localization::multilateration::trilateration::tests::proptest_trilateration_near_degenerate_j_small ... ok
test domain::signal::window::tests::hann_periodic_does_not_repeat_endpoint ... ok
test domain::signal::window::tests::hann_symmetric_has_zero_endpoints ... ok
test domain::source::electromagnetic::tests::test_plane_wave_directivity ... ok
test domain::source::electromagnetic::tests::test_point_source_at_zero_distance ... ok
test domain::source::electromagnetic::tests::test_point_source_creation ... ok
test domain::source::transducers::focused::utils::tests::test_multi_bowl_phases ... ignored, Tier 3: Comprehensive validation (>60s execution time)
test domain::source::transducers::focused::utils::tests::test_oneil_solution ... ignored, Physics validation test - needs tolerance review (non-critical for core functionality)
test domain::sensor::localization::multilateration::trilateration::tests::proptest_trilateration_fourth_sensor_disambiguation_positive_z ... ok
test domain::source::transducers::phased_array::beamforming::tests::test_plane_wave_delays ... ok
test domain::sensor::localization::multilateration::trilateration::tests::proptest_trilateration_noisy_ranges_robustness ... ok
test domain::source::transducers::phased_array::beamforming::tests::test_focus_delays_symmetry ... ok
test domain::source::transducers::phased_array::beamforming::tests::test_steering_delays_broadside ... ok
test domain::source::transducers::phased_array::crosstalk::tests::test_coupling_matrix_symmetry ... ok
test domain::source::transducers::phased_array::crosstalk::tests::test_diagonal_unity ... ok
test domain::tensor::tests::test_conversion ... ok
test domain::source::transducers::phased_array::beamforming::tests::test_beam_width_positive ... ok
test domain::source::transducers::phased_array::beamforming::tests::test_focal_zone_positive ... ok
test domain::tensor::tests::test_ndarray_tensor_creation ... ok
test domain::signal::tests::next_pow2_is_power_of_two_and_ge_n ... ok
test domain::tensor::tests::test_ndarray_tensor_map ... ok
test domain::tensor::tests::test_ndarray_tensor_mutation ... ok
test domain::tensor::tests::test_scalar_tensor ... ok
test domain::tensor::tests::test_non_scalar_to_scalar_fails - should panic ... ok
test domain::tensor::tests::test_shape ... ok
test domain::tensor::tests::test_update_from_ndarray ... ok
test domain::therapy::microbubble::drug_payload::tests::test_doxorubicin_payload ... ok
test domain::therapy::microbubble::drug_payload::tests::test_is_depleted ... ok
test domain::therapy::microbubble::drug_payload::tests::test_create_drug_payload ... ok
test domain::therapy::microbubble::drug_payload::tests::test_loading_mode_display ... ok
test domain::therapy::microbubble::drug_payload::tests::test_permeability_elastic_no_strain ... ok
test domain::therapy::microbubble::drug_payload::tests::test_permeability_ruptured ... ok
test domain::therapy::microbubble::drug_payload::tests::test_permeability_enhanced_by_strain ... ok
test domain::therapy::microbubble::drug_payload::tests::test_release_exponential_decay ... ok
test domain::therapy::microbubble::drug_payload::tests::test_release_complete_on_rupture ... ok
test domain::therapy::microbubble::drug_payload::tests::test_release_fraction ... ok
test domain::therapy::microbubble::drug_payload::tests::test_release_mass_conservation ... ok
test domain::therapy::microbubble::drug_payload::tests::test_release_no_permeability ... ok
test domain::signal::window::tests::get_win_returns_expected_length ... ok
test domain::therapy::microbubble::drug_payload::tests::test_validation_negative_concentration ... ok
test domain::therapy::microbubble::forces::tests::test_drag_force ... ok
test domain::therapy::microbubble::forces::tests::test_force_scaling ... ok
test domain::sensor::localization::multilateration::core::tests::proptest_multilateration_random_arrays ... ok
test domain::therapy::microbubble::forces::tests::test_primary_bjerknes_3d_gradient ... ok
test domain::therapy::microbubble::forces::tests::test_primary_bjerknes_expanded_bubble ... ok
test domain::therapy::microbubble::forces::tests::test_primary_bjerknes_force_basic ... ok
test domain::therapy::microbubble::forces::tests::test_radiation_force_magnitude ... ok
test domain::therapy::microbubble::forces::tests::test_force_addition ... ok
test domain::therapy::microbubble::forces::tests::test_radiation_force_normalized ... ok
test domain::signal::window::tests::window_value_is_zero_outside_unit_interval ... ok
test domain::signal::tests::pad_zeros_preserves_prefix ... ok
test domain::therapy::microbubble::forces::tests::test_streaming_velocity_far_field ... ok
test domain::therapy::microbubble::forces::tests::test_streaming_velocity_zero_at_surface ... ok
test domain::therapy::microbubble::shell::tests::test_create_shell ... ok
test domain::therapy::microbubble::shell::tests::test_drug_delivery_shell ... ok
test domain::therapy::microbubble::shell::tests::test_pressure_contribution ... ok
test domain::therapy::microbubble::shell::tests::test_sono_vue_shell ... ok
test domain::therapy::microbubble::shell::tests::test_state_transitions ... ok
test domain::therapy::microbubble::shell::tests::test_strain_calculation ... ok
test domain::therapy::microbubble::shell::tests::test_surface_tension_buckled ... ok
test domain::therapy::microbubble::shell::tests::test_surface_tension_derivative ... ok
test domain::therapy::microbubble::shell::tests::test_surface_tension_elastic ... ok
test domain::therapy::microbubble::shell::tests::test_surface_tension_ruptured ... ok
test domain::therapy::microbubble::shell::tests::test_validation_invalid_buckling_ratio ... ok
test domain::therapy::microbubble::shell::tests::test_validation_invalid_rupture_ratio ... ok
test domain::therapy::microbubble::state::tests::test_cavitation_criterion ... ok
test domain::therapy::microbubble::state::tests::test_compression_ratio ... ok
test domain::therapy::microbubble::state::tests::test_create_definity ... ok
test domain::therapy::microbubble::state::tests::test_create_sono_vue ... ok
test domain::therapy::microbubble::state::tests::test_energy_conservation_zero_at_equilibrium ... ok
test domain::therapy::microbubble::state::tests::test_drug_loaded ... ok
test domain::therapy::microbubble::state::tests::test_position_distance ... ok
test domain::therapy::microbubble::state::tests::test_resonance_frequency ... ok
test domain::therapy::microbubble::state::tests::test_validation_negative_drug ... ok
test domain::therapy::microbubble::state::tests::test_validation_negative_radius ... ok
test domain::therapy::microbubble::state::tests::test_velocity_magnitude ... ok
test domain::therapy::microbubble::state::tests::test_volume_calculation ... ok
test infra::io::nifti::tests::test_nifti_reader_creation ... ok
test math::fft::fft_processor::tests::test_fft_1d_forward_inverse ... ok
test math::geometry::delays::tests::focus_phase_delays_are_non_negative_and_symmetric ... ok
test math::geometry::delays::tests::plane_wave_broadside_has_zero_phase_delays_for_x_array ... ok
test math::geometry::tests::test_make_ball_invalid_radius ... ok
test math::geometry::tests::test_make_line_diagonal ... ok
test math::geometry::tests::test_make_disc_invalid_radius ... ok
test math::geometry::tests::test_make_disc_basic ... ok
test math::geometry::tests::test_make_line_axis_aligned ... ok
test math::geometry::tests::test_disc_symmetry ... ok
test math::linear_algebra::complex::tests::test_solve_complex_linear_system ... ok
test math::linear_algebra::basic::tests::test_solve_linear_system ... ok
test math::linear_algebra::eigen::tests::test_real_symmetric_eigendecomposition ... ok
test math::linear_algebra::norms::tests::test_dot_product ... ok
test math::linear_algebra::norms::tests::test_cross_product ... ok
test math::geometry::tests::test_make_ball_basic ... ok
test math::linear_algebra::basic::tests::test_matrix_inverse ... ok
test math::geometry::tests::test_make_sphere_alias ... ok
test math::linear_algebra::norms::tests::test_dot_product_mismatched_lengths ... ok
test math::linear_algebra::tests::test_linear_algebra_ext_trait ... ok
test math::linear_algebra::norms::tests::test_vector_normalization ... ok
test math::linear_algebra::norms::tests::test_zero_vector_normalization ... ok
test math::linear_algebra::tests::test_linear_algebra_re_exports ... ok
test math::linear_algebra::norms::tests::test_norm_l2 ... ok
test math::numerics::operators::differential::central_difference_2::tests::test_apply_x_linear_function ... ok
test math::linear_algebra::tests::test_norm_l2_convenience_function ... ok
test math::fft::fft_processor::tests::test_fft_2d_gaussian ... ok
test math::numerics::operators::differential::central_difference_4::tests::test_apply_x_quadratic_function ... ok
test math::numerics::operators::differential::central_difference_2::tests::test_apply_z_linear_function ... ok
test math::numerics::operators::differential::central_difference_2::tests::test_constructor_invalid_spacing ... ok
test math::numerics::operators::differential::central_difference_2::tests::test_constructor_valid ... ok
test math::numerics::operators::differential::central_difference_2::tests::test_apply_y_linear_function ... ok
test math::numerics::operators::differential::central_difference_2::tests::test_insufficient_grid_points ... ok
test math::numerics::operators::differential::central_difference_2::tests::test_properties ... ok
test math::numerics::operators::differential::central_difference_4::tests::test_apply_x_linear_function ... ok
test math::numerics::operators::differential::central_difference_2::tests::test_constant_field_has_zero_derivative ... ok
test math::numerics::operators::differential::central_difference_4::tests::test_constructor_invalid_spacing ... ok
test math::numerics::operators::differential::central_difference_4::tests::test_constructor_valid ... ok
test math::numerics::operators::differential::central_difference_4::tests::test_insufficient_grid_points ... ok
test math::numerics::operators::differential::central_difference_4::tests::test_properties ... ok
test math::numerics::operators::differential::central_difference_4::tests::test_symmetry ... ok
test math::numerics::operators::differential::central_difference_6::tests::test_constructor_invalid_spacing ... ok
test domain::source::transducers::focused::utils::tests::test_bowl_focusing ... ok
test math::geometry::tests::test_ball_symmetry ... ok
test math::numerics::operators::differential::central_difference_6::tests::test_apply_x_linear_function ... ok
test math::numerics::operators::differential::central_difference_6::tests::test_all_directions_linear_function ... ok
test math::numerics::operators::differential::central_difference_6::tests::test_constructor_valid ... ok
test math::numerics::operators::differential::central_difference_6::tests::test_cubic_polynomial ... ok
test math::numerics::operators::differential::central_difference_6::tests::test_constant_field_has_zero_derivative ... ok
test math::numerics::operators::differential::central_difference_6::tests::test_properties ... ok
test math::numerics::operators::differential::central_difference_6::tests::test_insufficient_grid_points ... ok
test math::numerics::operators::differential::staggered_grid::tests::test_backward_difference_linear_function ... ok
test math::numerics::operators::differential::staggered_grid::tests::test_all_directions ... ok
test math::numerics::operators::differential::staggered_grid::tests::test_constant_field_has_zero_derivative ... ok
test math::numerics::operators::differential::staggered_grid::tests::test_constructor_invalid_spacing ... ok
test math::numerics::operators::differential::staggered_grid::tests::test_constructor_valid ... ok
test math::numerics::operators::differential::staggered_grid::tests::test_forward_difference_linear_function ... ok
test math::numerics::operators::differential::staggered_grid::tests::test_forward_backward_complementarity ... ok
test math::numerics::operators::differential::staggered_grid::tests::test_insufficient_grid_points ... ok
test math::numerics::operators::differential::staggered_grid::tests::test_properties ... ok
test math::numerics::operators::differential::central_difference_4::tests::test_constant_field_has_zero_derivative ... ok
test math::numerics::operators::differential::tests::test_boundary_accuracy_degradation ... ok
test math::numerics::operators::differential::tests::test_convergence_order_fourth_order ... ok
test math::numerics::operators::interpolation::tests::test_trilinear_3d_batch ... ok
test domain::source::transducers::focused::utils::tests::test_multi_bowl_array ... ok
test math::numerics::operators::interpolation::tests::test_linear_interpolator_exact_at_grid_points ... ok
test math::numerics::operators::interpolation::tests::test_linear_interpolator_simple ... ok
test math::numerics::operators::interpolation::tests::test_interpolation_out_of_bounds ... ok
test math::numerics::operators::differential::tests::test_operator_consistency_on_quadratic ... ok
test math::numerics::operators::differential::tests::test_convergence_order_second_order ... ok
test math::numerics::operators::interpolation::tests::test_trilinear_at_corner ... ok
test math::numerics::operators::interpolation::tests::test_trilinear_constant_field ... ok
test math::numerics::operators::differential::tests::test_staggered_conservation ... ok
test math::numerics::operators::spectral::tests::test_invalid_grid_spacing ... ok
test math::numerics::operators::spectral::tests::test_nyquist_wavenumber ... ok
test math::numerics::operators::interpolation::tests::test_trilinear_linear_function ... ok
test math::numerics::operators::spectral::tests::test_pseudospectral_creation ... ok
test math::numerics::operators::spectral::tests::test_spectral_filter_sharp_cutoff ... ok
test math::numerics::operators::spectral::tests::test_spectral_filter_smooth ... ok
test math::numerics::operators::differential::tests::test_high_frequency_dispersion ... ok
test math::numerics::operators::spectral::tests::test_wavenumber_vector ... ok
test math::numerics::operators::differential::tests::test_all_directions_symmetry ... ok
test math::numerics::operators::tests::test_traits_are_object_safe ... ok
test math::numerics::tests::test_module_structure ... ok
test math::simd::tests::test_complex_multiply ... ok
test math::simd::tests::test_fdtd_simd_ops_creation ... ok
test math::numerics::operators::differential::tests::test_anisotropic_grid ... ok
test math::simd::tests::test_fft_simd_ops_creation ... ok
test math::simd::tests::test_interpolation_simd_ops_creation ... ok
test math::simd::tests::test_performance_metrics ... ok
test math::numerics::operators::differential::tests::test_all_operators_linear_function ... ok
test math::simd::tests::test_scalar_pressure_update ... ok
test physics::acoustics::analytical::patterns::phase_shifting::core::tests::test_normalize_phase ... ok
test physics::acoustics::analytical::patterns::phase_shifting::core::tests::test_quantize_phase ... ok
test physics::acoustics::analytical::patterns::phase_shifting::core::tests::test_wrap_phase ... ok
test domain::signal::tests::add_noise_achieves_target_snr_reasonably ... ok
test physics::acoustics::analytical::propagation::attenuation::tests::test_amplitude_attenuation ... ok
test physics::acoustics::analytical::propagation::attenuation::tests::test_attenuation_db ... ok
test physics::acoustics::analytical::propagation::attenuation::tests::test_penetration_depth ... ok
test physics::acoustics::analytical::propagation::calculator::tests::test_calculator_creation ... ok
test physics::acoustics::analytical::propagation::calculator::tests::test_normal_incidence ... ok
test physics::acoustics::analytical::propagation::coefficients::tests::test_reflectance_transmittance ... ok
test physics::acoustics::analytical::propagation::coefficients::tests::test_energy_conservation ... ok
test physics::acoustics::analytical::propagation::interfaces::fresnel::tests::test_energy_conservation ... ok
test physics::acoustics::analytical::propagation::coefficients::tests::test_total_internal_reflection ... ok
test physics::acoustics::analytical::propagation::interfaces::fresnel::tests::test_normal_incidence ... ok
test physics::acoustics::analytical::propagation::interfaces::fresnel::tests::test_total_internal_reflection ... ok
test physics::acoustics::analytical::propagation::interfaces::fresnel::tests::test_brewster_angle ... ok
test physics::acoustics::analytical::propagation::interfaces::snell::tests::test_brewster_angle ... ok
test math::simd::tests::test_trilinear_interpolation ... ok
test math::simd::tests::test_simd_config_detection ... ok
test math::simd_safe::operations::tests::test_add_fields_correctness ... ok
test math::simd_safe::operations::tests::test_norm_correctness ... ok
test physics::acoustics::analytical::patterns::phase_shifting::core::tests::test_calculate_wavelength ... ok
test physics::acoustics::analytical::propagation::interfaces::snell::tests::test_snells_law_water_to_glass ... ok
test math::simd_safe::operations::tests::test_scale_field_correctness ... ok
test physics::acoustics::analytical::propagation::interfaces::snell::tests::test_critical_angle ... ok
test physics::acoustics::functional::iter::tests::test_chunked_iterator ... ok
test physics::acoustics::functional::iter::tests::test_lazy_iterator ... ok
test physics::acoustics::functional::ops::tests::test_field_reduction ... ok
test physics::acoustics::functional::ops::tests::test_filter_indices_lazy ... ok
test physics::acoustics::functional::result::tests::test_collect_results ... ok
test physics::acoustics::functional::ops::tests::test_sparse_kernel ... ok
test physics::acoustics::functional::result::tests::test_partition_results ... ok
test physics::acoustics::functional::ops::tests::test_windowed_operation ... ok
test physics::acoustics::functional::result::tests::test_result_ops ... ok
test physics::acoustics::imaging::fusion::config::tests::test_fusion_config_default ... ok
test physics::acoustics::imaging::fusion::config::tests::test_fusion_config_modality_weights ... ok
test physics::acoustics::imaging::fusion::config::tests::test_fusion_method_variants ... ok
test physics::acoustics::imaging::fusion::config::tests::test_registration_method_variants ... ok
test physics::acoustics::imaging::fusion::algorithms::tests::test_weighted_average_fusion ... ok
test physics::acoustics::functional::result::tests::test_retry ... ok
test physics::acoustics::functional::result::tests::test_zip_with ... ok
test physics::acoustics::imaging::fusion::properties::tests::test_classify_tissue_types_abnormal ... ok
test physics::acoustics::functional::transform::tests::test_generic_transform ... ok
test physics::acoustics::imaging::fusion::algorithms::tests::test_fuse_insufficient_modalities ... ok
test physics::acoustics::imaging::fusion::algorithms::tests::test_extract_tissue_properties_method ... ok
test physics::acoustics::imaging::fusion::algorithms::tests::test_register_optical_validation ... ok
test physics::acoustics::imaging::fusion::properties::tests::test_classify_tissue_types_borderline ... ok
test physics::acoustics::imaging::fusion::algorithms::tests::test_multimodal_fusion_creation ... ok
test physics::acoustics::imaging::fusion::algorithms::tests::test_register_ultrasound ... ok
test physics::acoustics::imaging::fusion::properties::tests::test_classify_tissue_types_high_abnormal ... ok
test physics::acoustics::imaging::fusion::properties::tests::test_detect_regions_of_interest ... ok
test physics::acoustics::imaging::fusion::properties::tests::test_extract_tissue_properties_keys ... ok
test physics::acoustics::imaging::fusion::properties::tests::test_compute_composite_stiffness_high_intensity ... ok
test physics::acoustics::imaging::fusion::properties::tests::test_classify_tissue_types_normal ... ok
test physics::acoustics::imaging::fusion::quality::tests::test_bayesian_fusion_single_voxel_multiple_values ... ok
test physics::acoustics::imaging::fusion::quality::tests::test_bayesian_fusion_single_voxel_empty ... ok
test physics::acoustics::imaging::fusion::properties::tests::test_compute_composite_stiffness_low_intensity ... ok
test physics::acoustics::imaging::fusion::quality::tests::test_bayesian_fusion_single_voxel_single_value ... ok
test physics::acoustics::imaging::fusion::properties::tests::test_compute_composite_stiffness_range ... ok
test physics::acoustics::imaging::fusion::quality::tests::test_bayesian_fusion_weighted_average ... ok
test physics::acoustics::imaging::fusion::quality::tests::test_compute_confidence_map ... ok
test physics::acoustics::imaging::fusion::quality::tests::test_compute_confidence_map_no_quality_scores ... ok
test physics::acoustics::imaging::fusion::properties::tests::test_compute_oxygenation_index_high ... ok
test physics::acoustics::imaging::fusion::properties::tests::test_compute_oxygenation_index_clamped ... ok
test physics::acoustics::imaging::fusion::properties::tests::test_compute_oxygenation_index_normal ... ok
test physics::acoustics::imaging::fusion::properties::tests::test_compute_tissue_density ... ok
test physics::acoustics::imaging::fusion::quality::tests::test_compute_fusion_uncertainty ... ok
test physics::acoustics::imaging::fusion::quality::tests::test_compute_fusion_uncertainty_empty ... ok
test physics::acoustics::imaging::fusion::quality::tests::test_compute_optical_quality_visible_light ... ok
test physics::acoustics::imaging::fusion::quality::tests::test_compute_optical_quality_infrared ... ok
test physics::acoustics::imaging::fusion::registration::tests::test_trilinear_interpolation_midpoint ... ok
test physics::acoustics::imaging::fusion::registration::tests::test_validate_registration_compatibility_invalid ... ok
test physics::acoustics::imaging::fusion::registration::tests::test_validate_registration_compatibility_valid ... ok
test physics::acoustics::imaging::fusion::tests::test_affine_transform_composition ... ok
test physics::acoustics::functional::ops::tests::test_parallel_map ... ok
test physics::acoustics::imaging::fusion::quality::tests::test_estimate_modality_noise ... ok
test physics::acoustics::imaging::fusion::quality::tests::test_compute_optical_quality_zero_variance ... ok
test physics::acoustics::imaging::fusion::registration::tests::test_apply_inverse_transform_identity ... ok
test physics::acoustics::imaging::fusion::registration::tests::test_apply_inverse_transform_translation ... ok
test physics::acoustics::imaging::fusion::registration::tests::test_generate_coordinate_arrays ... ok
test physics::acoustics::imaging::fusion::registration::tests::test_resample_identity_transform ... ok
test physics::acoustics::imaging::fusion::registration::tests::test_trilinear_interpolation_at_grid_point ... ok
test physics::acoustics::imaging::fusion::registration::tests::test_trilinear_interpolation_clamping ... ok
test physics::acoustics::imaging::fusion::tests::test_bayesian_fusion_single_voxel ... ok
test physics::acoustics::imaging::fusion::tests::test_composite_stiffness_range ... ok
test physics::acoustics::imaging::fusion::tests::test_coordinate_array_generation ... ok
test physics::acoustics::imaging::fusion::tests::test_confidence_map_generation ... ok
test physics::acoustics::imaging::fusion::tests::test_fusion_config_creation_and_defaults ... ok
test domain::sensor::beamforming::neural::features::tests::test_feature_extraction_preserves_dimensions ... ok
test physics::acoustics::imaging::fusion::tests::test_fusion_with_custom_weights ... ok
test physics::acoustics::imaging::fusion::tests::test_multimodal_fusion_registration ... ok
test physics::acoustics::imaging::fusion::tests::test_oxygenation_index_range ... ok
test physics::acoustics::imaging::fusion::tests::test_registration_transforms_stored ... ok
test physics::acoustics::imaging::fusion::tests::test_fusion_insufficient_modalities ... ok
test physics::acoustics::imaging::fusion::tests::test_tissue_classification_thresholds ... ok
test physics::acoustics::imaging::fusion::tests::test_optical_quality_visible_vs_infrared ... ok
test physics::acoustics::imaging::fusion::tests::test_tissue_property_extraction ... ok
test physics::acoustics::imaging::fusion::tests::test_uncertainty_quantification_disabled ... ok
test physics::acoustics::imaging::fusion::tests::test_uncertainty_quantification_enabled ... ok
test physics::acoustics::imaging::fusion::tests::test_registration_compatibility_validation ... ok
test physics::acoustics::imaging::fusion::tests::test_probabilistic_fusion_uncertainty ... ok
test physics::acoustics::imaging::fusion::tests::test_weighted_average_fusion_three_modalities ... ok
test physics::acoustics::imaging::fusion::types::tests::test_affine_transform_identity ... ok
test physics::acoustics::imaging::modalities::ceus::cloud_dynamics::tests::test_cloud_initialization ... ok
test physics::acoustics::imaging::fusion::types::tests::test_affine_transform_scaling ... ok
test physics::acoustics::imaging::fusion::types::tests::test_registered_modality_creation ... ok
test physics::acoustics::imaging::fusion::types::tests::test_affine_transform_translation ... ok
test physics::acoustics::imaging::fusion::tests::test_weighted_average_fusion_two_modalities ... ok
test physics::acoustics::imaging::fusion::types::tests::test_affine_transform_from_homogeneous ... ok
test physics::acoustics::imaging::modalities::ceus::cloud_dynamics::tests::test_coalescence ... ok
test physics::acoustics::imaging::modalities::ceus::microbubble::tests::test_invalid_microbubble ... ok
test domain::source::transducers::focused::utils::tests::test_bowl_transducer_creation ... ok
test physics::acoustics::imaging::modalities::ceus::microbubble::tests::test_bubble_dynamics ... ok
test physics::acoustics::imaging::modalities::ceus::microbubble::tests::test_nonlinear_scattering ... ok
test physics::acoustics::imaging::modalities::ceus::microbubble::tests::test_microbubble_creation ... ok
test physics::acoustics::imaging::modalities::ceus::microbubble::tests::test_population_creation ... ok
test physics::acoustics::imaging::modalities::ceus::microbubble::tests::test_resonance_frequency ... ok
test physics::acoustics::imaging::modalities::elastography::displacement::tests::test_displacement_field_creation ... ok
test physics::acoustics::imaging::modalities::elastography::displacement::tests::test_displacement_magnitude ... ok
test physics::acoustics::imaging::modalities::elastography::nonlinear::config::tests::test_simulation_time ... ok
test physics::acoustics::imaging::modalities::elastography::nonlinear::config::tests::test_sound_speed ... ok
test physics::acoustics::imaging::modalities::elastography::harmonic_detection::tests::test_harmonic_detection_config ... ok
test physics::acoustics::imaging::modalities::elastography::harmonic_detection::tests::test_harmonic_detector_creation ... ok
test physics::acoustics::imaging::modalities::elastography::harmonic_detection::tests::test_harmonic_displacement_field_creation ... ok
test physics::acoustics::imaging::modalities::elastography::harmonic_detection::tests::test_window_function ... ok
test physics::acoustics::imaging::modalities::elastography::nonlinear::config::tests::test_config_default ... ok
test physics::acoustics::imaging::modalities::elastography::nonlinear::config::tests::test_config_strong_nonlinearity ... ok
test physics::acoustics::imaging::modalities::elastography::harmonic_detection::tests::test_snr_computation ... ok
test physics::acoustics::imaging::modalities::elastography::nonlinear::config::tests::test_config_weak_nonlinearity ... ok
test physics::acoustics::imaging::modalities::elastography::nonlinear::material::tests::test_hyperelastic_mooney_rivlin ... ok
test physics::acoustics::imaging::modalities::elastography::harmonic_detection::tests::test_harmonic_ratio_computation ... ok
test physics::acoustics::imaging::modalities::elastography::nonlinear::numerics::tests::test_laplacian_boundary ... ok
test physics::acoustics::imaging::modalities::elastography::nonlinear::numerics::tests::test_laplacian_constant_field ... ok
test physics::acoustics::imaging::modalities::elastography::nonlinear::numerics::tests::test_laplacian_linear_field ... ok
test physics::acoustics::imaging::modalities::elastography::nonlinear::material::tests::test_matrix_eigenvalues ... ok
test physics::acoustics::imaging::modalities::elastography::nonlinear::material::tests::test_cauchy_stress_reference_state ... ok
test physics::acoustics::imaging::modalities::elastography::nonlinear::material::tests::test_principal_stretches ... ok
test physics::acoustics::imaging::modalities::elastography::nonlinear::numerics::tests::test_divergence_product_zero_fields ... ok
test physics::acoustics::imaging::modalities::elastography::nonlinear::numerics::tests::test_gradient_linear_field ... ok
test physics::acoustics::imaging::modalities::elastography::nonlinear::material::tests::test_strain_energy_derivatives ... ok
test physics::acoustics::imaging::modalities::elastography::nonlinear::numerics::tests::test_laplacian_quadratic_field ... ok
test physics::acoustics::imaging::modalities::elastography::nonlinear::numerics::tests::test_divergence_product_boundary ... ok
test physics::acoustics::imaging::modalities::elastography::nonlinear::material::tests::test_hyperelastic_neo_hookean ... ok
test physics::acoustics::imaging::modalities::elastography::nonlinear::wave_field::tests::test_num_harmonics ... ok
test physics::acoustics::imaging::modalities::elastography::nonlinear::wave_field::tests::test_reset ... ok
test physics::acoustics::imaging::modalities::elastography::nonlinear::wave_field::tests::test_total_displacement_magnitude ... ok
test physics::acoustics::imaging::modalities::elastography::nonlinear::wave_field::tests::test_harmonic_spectrum ... ok
test physics::acoustics::imaging::modalities::elastography::nonlinear::wave_field::tests::test_wave_field_creation ... ok
test physics::acoustics::imaging::modalities::elastography::radiation_force::tests::test_compound_push_pattern ... ok
test physics::acoustics::imaging::modalities::elastography::radiation_force::tests::test_directional_wave_tracker ... ok
test physics::acoustics::imaging::modalities::elastography::radiation_force::tests::test_focused_push_pattern ... ok
test physics::acoustics::imaging::modalities::elastography::radiation_force::tests::test_multi_directional_push_creation ... ok
test physics::acoustics::imaging::modalities::elastography::radiation_force::tests::test_push_parameters_default ... ok
test physics::acoustics::imaging::modalities::elastography::radiation_force::tests::test_push_parameters_validation ... ok
test physics::acoustics::imaging::modalities::elastography::radiation_force::tests::test_multi_directional_push_application ... ok
test physics::acoustics::imaging::modalities::elastography::nonlinear::numerics::tests::test_numerics_operators_new ... ok
test physics::acoustics::imaging::modalities::elastography::nonlinear::solver::tests::test_nonlinear_solver_creation ... ok
test physics::acoustics::imaging::modalities::elastography::nonlinear::solver::tests::test_time_step_calculation ... ok
test physics::acoustics::imaging::modalities::elastography::nonlinear::wave_field::tests::test_estimate_nonlinearity ... ok
test physics::acoustics::imaging::modalities::elastography::radiation_force::tests::test_wave_physics_validation ... ok
test physics::acoustics::imaging::modalities::elastography::nonlinear::wave_field::tests::test_get_harmonic ... ok
test physics::acoustics::imaging::modalities::elastography::nonlinear::wave_field::tests::test_get_harmonic_invalid_index - should panic ... ok
test physics::acoustics::imaging::modalities::elastography::nonlinear::wave_field::tests::test_get_harmonic_mut ... ok
test physics::acoustics::imaging::modalities::ultrasound::advanced::tests::test_barker_generation ... ok
test physics::acoustics::imaging::modalities::ultrasound::advanced::tests::test_chirp_generation ... ok
test physics::acoustics::imaging::modalities::elastography::radiation_force::tests::test_radiation_force_creation ... ok
test physics::acoustics::imaging::modalities::elastography::displacement::tests::test_displacement_estimator ... ok
test physics::acoustics::imaging::modalities::ultrasound::advanced::tests::test_plane_wave_compounding ... ok
test physics::acoustics::imaging::modalities::ultrasound::advanced::tests::test_snr_improvement_calculation ... ok
test physics::acoustics::imaging::modalities::ultrasound::advanced::tests::test_synthetic_aperture_config ... ok
test physics::acoustics::imaging::registration::tests::test_registration_quality_metrics ... ok
test physics::acoustics::imaging::modalities::ultrasound::advanced::tests::test_plane_wave_config ... ok
test physics::acoustics::imaging::modalities::ultrasound::hifu::tests::test_treatment_plan_validation ... ok
test physics::acoustics::imaging::registration::tests::test_rigid_registration_landmarks ... ok
test physics::acoustics::mechanics::acoustic_wave::test_support::tests::test_acoustic_diffusivity_formula ... ok
test physics::acoustics::mechanics::cavitation::damage::tests::test_damage_calculation ... ok
test physics::acoustics::mechanics::acoustic_wave::test_support::tests::test_acoustic_diffusivity_zero_frequency ... ok
test physics::acoustics::mechanics::acoustic_wave::test_support::tests::test_heterogeneous_medium_position_dependence ... ok
test physics::acoustics::mechanics::acoustic_wave::tests::test_spatial_order_cfl_limits ... ok
test physics::acoustics::mechanics::acoustic_wave::tests::test_spatial_order_from_usize ... ok
test physics::acoustics::mechanics::acoustic_wave::tests::test_spatial_order_minimum_points ... ok
test physics::acoustics::imaging::modalities::ultrasound::hifu::tests::test_hifu_transducer_creation ... ok
test physics::acoustics::mechanics::cavitation::damage::tests::test_erosion_threshold ... ok
test physics::acoustics::imaging::modalities::elastography::radiation_force::tests::test_push_pulse_generation ... ok
test physics::acoustics::mechanics::elastic_wave::mode_conversion::tests::test_stiffness_tensor_isotropic ... ok
test physics::acoustics::mechanics::elastic_wave::mode_conversion::tests::test_viscoelastic_config ... ok
test physics::acoustics::mechanics::elastic_wave::mode_conversion::tests::test_mode_conversion_config ... ok
test physics::acoustics::mechanics::elastic_wave::tests::test_elastic_wave_constructor ... ok
test physics::acoustics::nonlinear::adaptive_integration::tests::test_adaptive_integration ... ignored, Requires Sprint 111+ Keller-Miksis full implementation (PRD FR-014)
test physics::acoustics::nonlinear::bubble_field::tests::test_bubble_cloud_generation ... ok
test physics::acoustics::nonlinear::adaptive_integration::tests::test_stability_check ... ok
test physics::acoustics::nonlinear::bubble_state::tests::test_bubble_state_creation ... ok
test physics::acoustics::nonlinear::bubble_field::tests::test_bubble_field_creation ... ok
test physics::acoustics::nonlinear::bubble_state::tests::test_gas_properties ... ok
test physics::acoustics::nonlinear::bubble_state::tests::test_compression_tracking ... ok
test physics::acoustics::nonlinear::cavitation_control::cavitation_detector::tests::test_broadband_detector ... ok
test physics::acoustics::nonlinear::cavitation_control::cavitation_detector::tests::test_subharmonic_detector ... ok
test physics::acoustics::nonlinear::cavitation_control::cavitation_detector::tests::test_spectral_detector ... ok
test physics::acoustics::nonlinear::cavitation_control::feedback_controller::tests::test_control_output ... ok
test physics::acoustics::nonlinear::cavitation_control::feedback_controller::tests::test_feedback_controller_creation ... ok
test physics::acoustics::nonlinear::cavitation_control::pid_controller::tests::test_anti_windup ... ok
test physics::acoustics::nonlinear::cavitation_control::power_modulation::tests::test_amplitude_controller ... ok
test physics::acoustics::nonlinear::cavitation_control::pid_controller::tests::test_pid_step_response ... ok
test physics::acoustics::nonlinear::cavitation_control::power_modulation::tests::test_modulation_schemes ... ok
test physics::acoustics::nonlinear::cavitation_control::power_modulation::tests::test_duty_cycle_limits ... ok
test physics::acoustics::imaging::modalities::ultrasound::hifu::tests::test_thermal_dose_calculation ... ok
test physics::acoustics::mechanics::poroelastic::tests::test_bulk_density ... ok
test physics::acoustics::mechanics::poroelastic::tests::test_characteristic_frequency ... ok
test physics::acoustics::mechanics::poroelastic::tests::test_effective_bulk_modulus ... ok
test physics::acoustics::mechanics::poroelastic::tests::test_material_validation ... ok
test physics::acoustics::mechanics::poroelastic::tests::test_poroelastic_material_default ... ok
test physics::acoustics::mechanics::poroelastic::tests::test_poroelastic_simulation_creation ... ok
test physics::acoustics::mechanics::poroelastic::tests::test_tissue_types ... ok
test physics::acoustics::nonlinear::cavitation_control::power_modulation::tests::test_pulse_sequence ... ok
test physics::acoustics::nonlinear::cavitation_control::power_modulation::tests::test_safety_limiter ... ok
test physics::acoustics::imaging::modalities::ultrasound::hifu::tests::test_pressure_field_computation ... ok
test physics::acoustics::nonlinear::encapsulated::model::tests::test_shell_elastic_restoring_force ... ok
test physics::acoustics::nonlinear::encapsulated::shell::tests::test_critical_radii_computation ... ok
test physics::acoustics::nonlinear::encapsulated::shell::tests::test_shell_properties_defaults ... ok
test physics::acoustics::nonlinear::encapsulated::model::tests::test_marmottant_surface_tension_regimes ... ok
test physics::acoustics::imaging::registration::tests::test_temporal_synchronization ... ok
test physics::acoustics::nonlinear::encapsulated::model::tests::test_church_acceleration_finite ... ok
test physics::acoustics::nonlinear::encapsulated::model::tests::test_church_model_creation ... ok
test physics::acoustics::nonlinear::encapsulated::model::tests::test_church_vs_marmottant_equilibrium ... ok
test physics::acoustics::nonlinear::encapsulated::model::tests::test_marmottant_acceleration_finite ... ok
test physics::acoustics::nonlinear::encapsulated::model::tests::test_marmottant_buckling_reduces_stiffness ... ok
test physics::acoustics::nonlinear::encapsulated::shell::tests::test_shell_types ... ok
test physics::acoustics::nonlinear::energy_balance::tests::test_energy_balance_equilibrium ... ok
test physics::acoustics::nonlinear::energy_balance::tests::test_heat_transfer_calculation ... ok
test physics::acoustics::nonlinear::gilmore::tests::test_gilmore_initialization ... ok
test physics::acoustics::nonlinear::gilmore::tests::test_gilmore_vs_keller_miksis_threshold ... ok
test physics::acoustics::nonlinear::encapsulated::model::tests::test_marmottant_shell_state_detection ... ok
test physics::acoustics::nonlinear::imex_integration::tests::test_adaptive_epsilon ... ignored, Requires Sprint 111+ Keller-Miksis full implementation (PRD FR-014)
test physics::acoustics::nonlinear::imex_integration::tests::test_imex_integration ... ignored, Requires Sprint 111+ Keller-Miksis full implementation (PRD FR-014)
test physics::acoustics::nonlinear::gilmore::tests::test_sound_speed_calculation ... ok
test physics::acoustics::nonlinear::imex_integration::tests::test_stiffness_detection ... ok
test physics::acoustics::nonlinear::imex_integration::tests::test_thermal_mass_coupling ... ok
test physics::acoustics::nonlinear::keller_miksis::validation::test_keller_miksis_equilibrium ... ignored, Equilibrium test needs refinement - K-M compressibility terms cause non-zero acceleration
test physics::acoustics::nonlinear::integration::tests::test_integration_success ... ok
test physics::acoustics::nonlinear::interactions::tests::test_bjerknes_interaction_type ... ok
test physics::acoustics::nonlinear::interactions::tests::test_wood_sound_speed ... ok
test physics::acoustics::nonlinear::integration::tests::test_integration_input_validation ... ok
test physics::acoustics::nonlinear::keller_miksis::validation::test_radiation_damping_term ... ok
test physics::acoustics::nonlinear::keller_miksis::validation::test_temperature_adiabatic_heating ... ok
test physics::acoustics::nonlinear::keller_miksis::validation::test_temperature_cooling ... ok
test physics::acoustics::nonlinear::keller_miksis::validation::test_physical_bounds ... ok
test physics::acoustics::nonlinear::rayleigh_plesset::tests::test_keller_miksis_mach_number ... ok
test physics::acoustics::nonlinear::keller_miksis::validation::test_vdw_pressure_calculation ... ok
test physics::acoustics::nonlinear::thermodynamics::tests::test_clausius_clapeyron ... ok
test physics::acoustics::nonlinear::rayleigh_plesset::tests::test_rayleigh_plesset_equilibrium ... ok
test physics::acoustics::nonlinear::thermodynamics::tests::test_enthalpy_vaporization ... ok
test physics::acoustics::nonlinear::thermodynamics::tests::test_mass_transfer ... ok
test physics::acoustics::nonlinear::thermodynamics::tests::test_vapor_pressure_models ... ok
test physics::acoustics::nonlinear::units::tests::test_default_parameters ... ok
test physics::acoustics::skull::tests::test_acoustic_impedance ... ok
test physics::acoustics::skull::tests::test_bone_types ... ok
test physics::acoustics::nonlinear::units::tests::test_dimensionless_numbers ... ok
test domain::medium::adapters::cylindrical::tests::test_property_array_dimensions ... ok
test physics::acoustics::nonlinear::keller_miksis::validation::test_heat_capacity_calculation ... ok
test physics::acoustics::nonlinear::keller_miksis::validation::test_keller_miksis_acoustic_forcing ... ok
test physics::acoustics::nonlinear::keller_miksis::validation::test_keller_miksis_compression ... ok
test physics::acoustics::nonlinear::keller_miksis::validation::test_keller_miksis_creation ... ok
test physics::acoustics::nonlinear::keller_miksis::validation::test_keller_miksis_mach_limit ... ok
test physics::acoustics::nonlinear::keller_miksis::validation::test_mach_number_tracking ... ok
test physics::acoustics::nonlinear::keller_miksis::validation::test_mass_transfer_evaporation ... ok
test physics::acoustics::skull::tests::test_frequency_dependent_attenuation ... ok
test physics::acoustics::skull::tests::test_insertion_loss_estimation ... ok
test physics::acoustics::skull::tests::test_skull_properties_default ... ok
test physics::acoustics::nonlinear::keller_miksis::validation::test_keller_miksis_expansion ... ok
test physics::acoustics::skull::tests::test_transcranial_simulation_creation ... ok
test physics::acoustics::skull::tests::test_transmission_coefficient ... ok
test physics::acoustics::state::tests::test_field_guard_deref ... ok
test physics::acoustics::state::tests::test_field_updates ... ok
test physics::acoustics::state::tests::test_physics_state_creation ... ok
test physics::acoustics::transcranial::bbb_opening::tests::test_bbb_opening_creation ... ok
test physics::acoustics::transcranial::bbb_opening::tests::test_mechanical_index_calculation ... ok
test physics::acoustics::transcranial::bbb_opening::tests::test_permeability_calculation ... ok
test physics::acoustics::transcranial::aberration_correction::tests::test_time_reversal_correction ... ok
test physics::acoustics::transcranial::bbb_opening::tests::test_treatment_protocol ... ok
test physics::acoustics::transcranial::bbb_opening::tests::test_safety_validation ... ok
test physics::acoustics::therapy::lithotripsy::tests::test_lithotripsy_config_default ... ok
test physics::acoustics::state::tests::test_zero_copy_access ... ok
test physics::acoustics::transcranial::safety_monitoring::tests::test_mechanical_index_calculation ... ok
test physics::acoustics::transcranial::aberration_correction::tests::test_aberration_corrector_creation ... ok
test physics::acoustics::transcranial::safety_monitoring::tests::test_safety_level_classification ... ok
test physics::acoustics::transcranial::aberration_correction::tests::test_phase_correction_calculation ... ok
test analysis::performance::benchmarks::tests::test_benchmark_suite ... ok
test physics::acoustics::transcranial::safety_monitoring::tests::test_thermal_dose_accumulation ... ok
test physics::acoustics::transcranial::safety_monitoring::tests::test_safety_monitor_creation ... ok
test physics::acoustics::transcranial::safety_monitoring::tests::test_safety_limit_checking ... ok
test physics::chemistry::ros_plasma::radical_kinetics::tests::test_radical_kinetics ... ok
test physics::chemistry::ros_plasma::ros_species::tests::test_ros_generation ... ok
test physics::chemistry::ros_plasma::ros_species::tests::test_ros_concentrations ... ok
test physics::acoustics::transcranial::treatment_planning::tests::test_skull_properties_analysis ... ok
test physics::chemistry::ros_plasma::ros_species::tests::test_ros_properties ... ok
test physics::chemistry::ros_plasma::plasma_reactions::tests::test_plasma_reaction_rate ... ok
test physics::chemistry::ros_plasma::plasma_reactions::tests::test_plasma_chemistry ... ok
test physics::chemistry::tests::test_chemical_model_creation ... ok
test physics::chemistry::ros_plasma::sonochemistry::tests::test_ph_update ... ok
test physics::chemistry::tests::test_reaction_config ... ok
test physics::electromagnetic::equations::fields::tests::test_em_field_compatibility ... ok
test physics::chemistry::ros_plasma::radical_kinetics::tests::test_diffusion_length ... ok
test physics::chemistry::ros_plasma::radical_kinetics::tests::test_oh_yield ... ok
test physics::chemistry::ros_plasma::radical_kinetics::tests::test_ph_dependence ... ok
test physics::chemistry::ros_plasma::plasma_reactions::tests::test_zeldovich_no ... ok
test physics::acoustics::transcranial::treatment_planning::tests::test_treatment_planner_creation ... ok
test physics::electromagnetic::equations::traits::tests::test_skin_depth_insulator ... ok
test physics::electromagnetic::equations::traits::tests::test_wave_impedance_calculation ... ok
test physics::electromagnetic::equations::fields::tests::test_poynting_vector_computation ... ok
test physics::electromagnetic::equations::materials::tests::test_at_method ... ok
test physics::electromagnetic::equations::materials::tests::test_uniform_material_creation ... ok
test physics::electromagnetic::equations::types::tests::test_nanoparticle_geometry ... ok
test physics::electromagnetic::equations::types::tests::test_polarization_equality ... ok
test physics::electromagnetic::photoacoustic::tests::test_gruneisen_parameter ... ok
test physics::electromagnetic::equations::types::tests::test_em_dimension_values ... ok
test physics::electromagnetic::equations::types::tests::test_em_wave_type ... ok
test physics::electromagnetic::photoacoustic::tests::test_photoacoustic_solver ... ignored
test domain::medium::adapters::cylindrical::tests::test_projection_dimensions_match ... ok
test physics::electromagnetic::photoacoustic::tests::test_pulsed_laser ... ok
test physics::electromagnetic::photoacoustic::tests::test_optical_absorption ... ok
test physics::electromagnetic::photoacoustic::tests::test_tissue_optical_properties ... ok
test physics::electromagnetic::plasmonics::tests::test_mie_theory_gold ... ok
test physics::electromagnetic::plasmonics::tests::test_nanoparticle_array ... ok
test physics::foundations::wave_equation::tests::test_boundary_condition_types ... ok
test physics::foundations::wave_equation::tests::test_domain_1d ... ok
test physics::foundations::wave_equation::tests::test_domain_2d ... ok
test physics::foundations::coupling::tests::test_coupling_strength ... ok
test physics::foundations::coupling::tests::test_domain_decomposition ... ok
test physics::electromagnetic::plasmonics::tests::test_plasmonic_enhancement ... ok
test physics::foundations::coupling::tests::test_interface_conditions ... ok
test physics::optics::diffusion::tests::test_light_diffusion_creation ... ok
test physics::optics::diffusion::tests::test_optical_properties_diffusion_coefficient ... ok
test physics::optics::diffusion::tests::test_optical_properties_from_domain ... ok
test physics::optics::diffusion::solver::tests::test_analytical_infinite_medium ... ok
test physics::optics::diffusion::tests::test_diffusion_approximation_validity ... ok
test physics::optics::diffusion::tests::test_optical_properties_transport_coefficient ... ok
test physics::chemistry::ros_plasma::sonochemistry::tests::test_sonochemistry_model ... ok
test physics::optics::map_builder::tests::test_property_stats ... ok
test physics::optics::map_builder::tests::test_map_builder_with_sphere ... ok
test physics::optics::map_builder::tests::test_sphere_region ... ok
test physics::optics::map_builder::tests::test_box_region ... ok
test physics::optics::map_builder::tests::test_custom_region ... ok
test physics::optics::map_builder::tests::test_cylinder_region ... ok
test physics::optics::map_builder::tests::test_ellipsoid_region ... ok
test physics::optics::monte_carlo::tests::test_cross_product ... ok
test physics::optics::map_builder::tests::test_half_space_region ... ok
test physics::optics::map_builder::tests::test_map_absorption_extraction ... ok
test physics::optics::map_builder::tests::test_map_builder_background ... ok
test physics::optics::map_builder::tests::test_map_builder_with_layers ... ok
test physics::acoustics::skull::tests::test_analytical_sphere_geometry ... ok
test physics::optics::monte_carlo::tests::test_normalize ... ok
test physics::optics::polarization::tests::test_jones_vector_construction ... ok
test physics::optics::polarization::tests::test_jones_polarization_model ... ok
test physics::optics::monte_carlo::tests::test_photon_source_pencil_beam ... ok
test physics::optics::monte_carlo::tests::test_position_to_voxel ... ok
test physics::optics::monte_carlo::tests::test_simulation_config_builder ... ok
test physics::optics::polarization::tests::test_jones_matrix_operations ... ok
test physics::optics::monte_carlo::tests::test_scatter_photon_isotropic ... ok
test physics::optics::monte_carlo::tests::test_sample_isotropic_direction ... ok
test physics::optics::monte_carlo::tests::test_scatter_photon_forward ... ok
test physics::optics::polarization::tests::test_jones_vector_intensity ... ok
test physics::optics::polarization::tests::test_matrix_multiplication ... ok
test physics::optics::sonoluminescence::bremsstrahlung::tests::test_emission_coefficient ... ok
test physics::optics::sonoluminescence::cherenkov::tests::test_cherenkov_angle_variation ... ok
test physics::optics::sonoluminescence::cherenkov::tests::test_cherenkov_frank_tamm_spectral_distribution ... ok
test physics::optics::sonoluminescence::bremsstrahlung::tests::test_saha_equation ... ok
test physics::optics::sonoluminescence::cherenkov::tests::test_cherenkov_power_density_scaling ... ok
test physics::optics::sonoluminescence::cherenkov::tests::test_cherenkov_refractive_index_update ... ok
test physics::optics::sonoluminescence::cherenkov::tests::test_cherenkov_spectral_emission ... ok
test physics::optics::sonoluminescence::cherenkov::tests::test_cherenkov_threshold_condition ... ok
test physics::optics::sonoluminescence::emission::tests::test_adiabatic_temperature_scaling ... ok
test physics::optics::sonoluminescence::emission::tests::test_bubble_dynamics_boundary_conditions ... ok
test physics::optics::sonoluminescence::emission::tests::test_spectrum_calculation ... ok
test physics::optics::sonoluminescence::emission::tests::test_emission_calculation ... ok
test physics::optics::sonoluminescence::spectral::tests::test_emission_spectrum ... ok
test physics::optics::sonoluminescence::spectral::tests::test_spectral_range ... ok
test physics::optics::sonoluminescence::emission::tests::test_thermodynamic_consistency ... ok
test physics::optics::sonoluminescence::spectral::tests::test_wavelength_to_rgb ... ok
test physics::optics::polarization::tests::test_polarization_degree_calculation ... ok
test physics::optics::polarization::tests::test_waveplate_operations ... ok
test physics::optics::scattering::tests::test_rayleigh_scattering ... ok
test physics::optics::sonoluminescence::blackbody::tests::test_planck_law_limits ... ok
test physics::optics::scattering::tests::test_small_particle_mie ... ok
test physics::optics::sonoluminescence::blackbody::tests::test_stefan_boltzmann ... ok
test physics::optics::sonoluminescence::blackbody::tests::test_wien_displacement ... ok
test physics::plugin::field_access::tests::test_unauthorized_access ... ok
test physics::plugin::field_access::tests::test_plugin_field_access ... ok
test physics::thermal::pennes::tests::test_pennes_solver_creation ... ok
test physics::thermal::properties::tests::test_perfusion_shutdown ... ok
test physics::optics::scattering::tests::test_mie_parameters ... ok
test physics::thermal::properties::tests::test_property_update_preserves_blood_specific_heat ... ok
test physics::thermal::properties::tests::test_conductivity_increases_with_temperature ... ok
test physics::thermal::properties::tests::test_property_update_preserves_density ... ok
test physics::thermal::perfusion::tests::test_perfusion_temperature_dependence ... ok
test physics::thermal::perfusion::tests::test_vessel_cooling ... ok
test physics::thermal::properties::tests::test_absorption_temperature ... ok
test physics::thermal::properties::tests::test_round_trip_property_update ... ok
test physics::thermal::properties::tests::test_sound_speed_temperature ... ok
test physics::thermal::properties::tests::test_temperature_dependent_properties ... ok
test physics::thermal::tests::test_tissue_constructors ... ok
test physics::thermal::tests::test_bioheat_parameters ... ok
test physics::thermal::thermal_dose::tests::test_dose_threshold ... ok
test physics::thermal::tests::test_thermal_diffusivity ... ok
test simulation::builder::tests::test_configuration_builder_basic ... ok
test simulation::builder::tests::test_configuration_builder_chaining ... ok
test simulation::builder::tests::test_configuration_builder_validation ... ok
test physics::thermal::thermal_dose::tests::test_thermal_dose_accumulation ... ok
test simulation::configuration::tests::test_cfl_validation ... ok
test simulation::core::tests::test_feature_management ... ok
test simulation::core::tests::test_simulation_builder ... ok
test simulation::configuration::tests::test_default_configuration ... ok
test simulation::modalities::photoacoustic::acoustics::tests::test_wavelength_dependent_gruneisen ... ok
test simulation::modalities::photoacoustic::acoustics::tests::test_multi_wavelength_pressure ... ok
test simulation::modalities::photoacoustic::acoustics::tests::test_initial_pressure_computation ... ok
test simulation::modalities::photoacoustic::acoustics::tests::test_cfl_condition ... ok
test simulation::modalities::photoacoustic::optics::tests::test_optical_property_initialization ... ok
test simulation::core::tests::test_simulation_creation ... ok
test simulation::modalities::photoacoustic::optics::tests::test_multi_wavelength_fluence ... ok
test physics::thermal::pennes::tests::test_steady_state_temperature ... ok
test physics::thermal::pennes::tests::test_heating_with_source ... ok
test physics::acoustics::imaging::modalities::ceus::cloud_dynamics::tests::test_cloud_simulation ... ok
test simulation::modalities::photoacoustic::acoustics::tests::test_acoustic_wave_propagation ... ok
test simulation::modalities::photoacoustic::tests::test_detector_interpolation_accuracy ... ok
test simulation::modalities::photoacoustic::reconstruction::tests::test_boundary_clamping ... ok
test simulation::modalities::photoacoustic::optics::tests::test_fluence_computation_basic ... ok
test simulation::modalities::photoacoustic::reconstruction::tests::test_detector_position_computation ... ok
test simulation::modalities::photoacoustic::reconstruction::tests::test_trilinear_interpolation_midpoint ... ok
test simulation::modalities::photoacoustic::reconstruction::tests::test_trilinear_interpolation_at_grid_points ... ok
test simulation::modalities::photoacoustic::tests::test_accessor_methods ... ok
test simulation::modalities::photoacoustic::tests::test_analytical_validation ... ok
test simulation::modalities::photoacoustic::reconstruction::tests::test_time_reversal_reconstruction_basic ... ok
test simulation::modalities::photoacoustic::tests::test_detector_positions ... ok
test simulation::modalities::photoacoustic::reconstruction::tests::test_spherical_spreading_correction ... ok
test simulation::modalities::photoacoustic::tests::test_multi_wavelength_simulation ... ok
test simulation::modalities::photoacoustic::tests::test_optical_properties ... ok
test simulation::modalities::photoacoustic::tests::test_multi_wavelength_fluence ... ok
test simulation::multi_physics::tests::test_explicit_coupling ... ok
test simulation::multi_physics::tests::test_multi_physics_solver_creation ... ok
test physics::acoustics::mechanics::elastic_wave::tests::test_elastic_wave_single_step ... ok
test simulation::modalities::photoacoustic::tests::test_photoacoustic_creation ... ok
test solver::analytical::transducer::fast_nearfield::tests::test_fnm_solver_creation ... ok
test simulation::modalities::photoacoustic::tests::test_universal_back_projection_algorithm ... ok
test simulation::multi_physics::tests::test_add_solver ... ok
test solver::analytical::transducer::fast_nearfield::tests::test_memory_usage ... ok
test solver::analytical::transducer::fast_nearfield::tests::test_field_computation ... ok
test solver::analytical::transducer::fast_nearfield::tests::test_transducer_setup ... ok
test simulation::modalities::photoacoustic::tests::test_initial_pressure_computation ... ok
test simulation::modalities::photoacoustic::tests::test_fluence_computation ... ok
test solver::forward::axisymmetric::config::tests::test_cfl_stability ... ok
test solver::forward::axisymmetric::config::tests::test_config_default ... ok
test solver::forward::axisymmetric::config::tests::test_config_hifu ... ok
test solver::forward::axisymmetric::config::tests::test_homogeneous_medium ... ok
test solver::feature::tests::test_feature_display ... ok
test solver::analytical::transducer::fast_nearfield::tests::test_precompute_factors ... ok
test solver::feature::tests::test_feature_manager ... ok
test solver::feature::tests::test_feature_set_operations ... ok
test solver::feature::tests::test_preset_configurations ... ok
test simulation::modalities::photoacoustic::tests::test_spherical_spreading_correction ... ok
test solver::forward::axisymmetric::transforms::tests::test_2d_transform ... ok
test solver::forward::axisymmetric::coordinates::tests::test_coordinates ... ok
test solver::forward::axisymmetric::coordinates::tests::test_grid_creation ... ok
test solver::forward::axisymmetric::coordinates::tests::test_index_lookup ... ok
test solver::forward::axisymmetric::coordinates::tests::test_meshgrid ... ok
test solver::forward::axisymmetric::coordinates::tests::test_wavenumbers ... ok
test solver::forward::axisymmetric::solver::tests::test_initial_pressure ... ok
test solver::forward::axisymmetric::solver::tests::test_pml_profile ... ok
test solver::forward::axisymmetric::transforms::tests::test_bessel_j0 ... ok
test solver::forward::bem::solver::tests::test_bem_boundary_conditions ... ok
test solver::forward::bem::solver::tests::test_bem_solver_creation ... ok
test solver::forward::axisymmetric::transforms::tests::test_forward_inverse_identity ... ok
test solver::forward::bem::solver::tests::test_bem_system_assembly ... ok
test solver::forward::axisymmetric::solver::tests::test_solver_creation_legacy ... ok
test solver::forward::axisymmetric::transforms::tests::test_dht_creation ... ok
test solver::forward::elastic::swe::boundary::tests::test_pml_profile ... ok
test solver::forward::elastic::swe::boundary::tests::test_pml_creation ... ok
test solver::forward::elastic::swe::gpu::tests::test_gpu_device_capabilities ... ok
test solver::forward::elastic::swe::gpu::tests::test_gpu_solver_initialization ... ok
test solver::forward::elastic::swe::boundary::tests::test_pml_mask ... ok
test solver::forward::elastic::swe::gpu::tests::test_performance_metrics ... ok
test solver::forward::elastic::swe::gpu::tests::test_memory_pool_allocation ... ok
test solver::forward::elastic::swe::integration::tests::test_pml_damping ... ok
test solver::forward::elastic::swe::boundary::tests::test_sigma_max_optimization ... ok
test solver::forward::elastic::swe::boundary::tests::test_theoretical_reflection ... ok
test solver::forward::elastic::swe::integration::tests::test_time_integrator_creation ... ok
test solver::forward::elastic::swe::boundary::tests::test_pml_damping ... ok
test solver::forward::elastic::swe::stress::tests::test_stress_derivatives_basic ... ok
test solver::forward::elastic::swe::stress::tests::test_stress_divergence ... ok
test solver::forward::elastic::swe::integration::tests::test_velocity_verlet_step ... ok
test solver::forward::elastic::swe::boundary::tests::test_pml_volume_fraction ... ok
test solver::forward::fdtd::electromagnetic::tests::test_em_fdtd_creation ... ok
test solver::forward::fdtd::tests::test_finite_difference_coefficients ... ok
test solver::forward::helmholtz::born_series::iterative::tests::test_iterative_born_creation ... ok
test solver::forward::helmholtz::born_series::modified::tests::test_modified_born_creation ... ok
test solver::forward::hybrid::bem_fem_coupling::tests::test_bem_fem_coupler_creation ... ok
test solver::forward::hybrid::bem_fem_coupling::tests::test_bem_fem_solver_creation ... ok
test solver::forward::hybrid::bem_fem_coupling::tests::test_coupling_config_defaults ... ok
test solver::forward::fdtd::electromagnetic::tests::test_maxwell_time_step ... ok
test solver::forward::hybrid::bem_fem_coupling::tests::test_bem_fem_interface_creation ... ok
test solver::forward::helmholtz::born_series::convergent::tests::test_convergent_born_creation ... ok
test solver::forward::hybrid::fdtd_fem_coupling::tests::test_schwarz_iteration_convergence ... ok
test solver::forward::hybrid::fdtd_fem_coupling::tests::test_fdtd_fem_coupling_creation ... ok
test solver::forward::fdtd::tests::test_fdtd_creation ... ok
test solver::forward::imex::tests::test_conservation ... ok
test solver::forward::fdtd::tests::test_cfl_condition ... ok
test solver::forward::imex::tests::test_imex_bdf2 ... ok
test solver::forward::hybrid::pstd_sem_coupling::tests::test_interface_detection ... ok
test solver::forward::imex::tests::test_imex_rk_ark3 ... ok
test solver::forward::imex::tests::test_imex_rk_ssp2 ... ok
test solver::forward::imex::tests::test_implicit_solver_linear ... ok
test solver::forward::imex::tests::test_operator_splitting_strang ... ok
test solver::forward::imex::tests::test_stability_analysis ... ok
test solver::forward::nonlinear::hybrid_angular_spectrum::tests::test_has_config_default ... ok
test solver::forward::nonlinear::hybrid_angular_spectrum::tests::test_has_config_validation ... ok
test solver::forward::nonlinear::hybrid_angular_spectrum::tests::test_hybrid_angular_spectrum_creation ... ok
test solver::forward::nonlinear::hybrid_angular_spectrum::tests::test_impedance_calculation ... ok
test solver::forward::axisymmetric::solver::tests::test_solver_creation_with_projection ... ok
test solver::forward::imex::tests::test_stiffness_detection ... ok
test solver::forward::nonlinear::hybrid_angular_spectrum::tests::test_attenuation_frequency_dependence ... ok
test solver::forward::nonlinear::hybrid_angular_spectrum::tests::test_rayleigh_distance ... ok
test solver::forward::nonlinear::hybrid_angular_spectrum::tests::test_shock_formation_distance ... ok
test solver::forward::nonlinear::kuznetsov::validation_test::tests::test_energy_conservation_linear ... ignored, Tier 3: Comprehensive validation (>30s execution time)
test solver::forward::nonlinear::kuznetsov::operator_splitting::tests::test_shock_steepening ... ok
test solver::forward::hybrid::pstd_sem_coupling::tests::test_spectral_coupling_convergence ... ok
test solver::forward::nonlinear::kuznetsov::tests::test_kuznetsov_config_validation ... ok
test solver::factory::tests::test_solver_factory_creation ... ok
test solver::forward::hybrid::adaptive_selection::metrics::tests::test_spectral_metrics_computation ... ok
test solver::forward::nonlinear::kuznetsov::operator_splitting::tests::test_harmonic_generation ... ok
test physics::acoustics::imaging::modalities::elastography::nonlinear::solver::tests::test_wave_propagation ... ok
test solver::forward::elastic::swe::gpu::tests::test_adaptive_resolution ... ok
test solver::forward::nonlinear::kuznetsov::tests::test_kuznetsov_creation ... ok
test solver::forward::nonlinear::kuznetsov::tests::test_numerical_methods ... ok
test solver::forward::nonlinear::kuznetsov::validation_test::tests::test_nonlinear_harmonic_generation ... ignored, Tier 3: Comprehensive validation (>60s execution time)
test solver::forward::hybrid::pstd_sem_coupling::tests::test_pstd_sem_coupling_creation ... ok
test solver::forward::nonlinear::kzk::beam_debug::tests::test_diffraction_strength ... ok
test solver::forward::nonlinear::kzk::beam_debug::tests::test_gaussian_beam_analytical ... ok
test solver::forward::nonlinear::kzk::solver::tests::test_gaussian_beam_propagation ... ignored, Tier 3: Comprehensive validation (>30s execution time)
test simulation::modalities::photoacoustic::tests::test_simulation ... ok
test solver::forward::nonlinear::kzk::complex_parabolic_diffraction::tests::test_complex_energy_conservation ... ok
test solver::forward::nonlinear::kzk::solver::tests::test_kzk_solver_creation ... ok
test solver::forward::nonlinear::kzk::validation::tests::test_gaussian_beam_diffraction ... ignored, Tier 3: Comprehensive validation (>60s execution time)
test solver::forward::nonlinear::kzk::plane_wave_test::tests::test_plane_wave_propagation ... ok
test solver::forward::nonlinear::kzk::validation::tests::test_absorption ... ok
test physics::optics::diffusion::solver::tests::test_heterogeneous_medium ... ok
test solver::forward::nonlinear::westervelt::tests::test_westervelt_fdtd_creation ... ok
test solver::forward::plugin_based::field_provider::tests::test_field_provider_access_control ... ok
test solver::forward::plugin_based::field_registry::tests::test_field_registry ... ok
test solver::forward::nonlinear::kzk::plane_wave_test::tests::test_diffraction_operator_normalization ... ok
test solver::forward::plugin_based::solver::tests::test_solver_creation ... ok
test physics::optics::diffusion::solver::tests::test_solver_uniform_medium ... ok
test solver::forward::nonlinear::kzk::parabolic_diffraction::tests::test_fft_round_trip ... ok
test solver::forward::plugin_based::performance::tests::test_performance_monitoring ... ok
test solver::forward::pstd::dg::shock_capturing::viscosity::tests::test_artificial_viscosity_compression ... ok
test solver::forward::pstd::numerics::spectral_correction::tests::test_dispersion_error ... ok
test solver::forward::pstd::numerics::spectral_correction::tests::test_correction_methods_consistency ... ok
test solver::forward::pstd::numerics::spectral_correction::tests::test_phase_velocity_computation ... ok
test solver::forward::pstd::physics::absorption::tests::test_absorption_model_physics_validation ... ok
test solver::forward::pstd::numerics::spectral_correction::tests::test_exact_dispersion_correction ... ok
test solver::forward::pstd::physics::absorption::tests::test_power_law_initialization ... ok
test solver::forward::pstd::physics::nonlinearity::tests::test_nonlinearity_parameter ... ok
test solver::forward::pstd::physics::nonlinearity::tests::test_shock_detection ... ok
test solver::forward::pstd::utils::tests::test_sinc_function ... ok
test solver::forward::pstd::utils::tests::test_wavenumber_computation ... ok
test solver::forward::sem::basis::tests::test_gll_points_endpoints ... ok
test solver::forward::sem::basis::tests::test_gll_weights_sum_to_two ... ok
test solver::forward::sem::basis::tests::test_lagrange_derivative ... ok
test solver::forward::sem::basis::tests::test_lagrange_property ... ok
test solver::forward::pstd::physics::absorption::tests::test_fft_absorption_energy_dissipation ... ok
test solver::forward::sem::basis::tests::test_partition_of_unity ... ok
test solver::forward::sem::integration::tests::test_newmark_average_acceleration ... ok
test solver::forward::sem::integration::tests::test_explicit_wave_integration ... ok
test solver::forward::sem::integration::tests::test_newmark_constant_acceleration ... ok
test solver::forward::sem::integration::tests::test_newmark_stability ... ok
test solver::forward::sem::mesh::tests::test_mesh_quality_assessment ... ok
test solver::forward::sem::mesh::tests::test_mesh_validation ... ok
test solver::forward::sem::solver::tests::test_boundary_condition_management ... ok
test solver::forward::nonlinear::kuznetsov::validation_test::tests::test_homogeneous_no_warning ... ok
test solver::forward::sem::mesh::tests::test_rectangular_mesh_creation ... ok
test solver::forward::sem::solver::tests::test_sem_solver_creation ... ok
test solver::forward::sem::solver::tests::test_sem_system_assembly ... ok
test solver::forward::sem::solver::tests::test_sem_time_stepping ... ok
test solver::forward::thermal_diffusion::plugin::tests::test_thermal_diffusion_creation ... ok
test solver::forward::nonlinear::kzk::angular_spectrum_2d::tests::test_2d_angular_spectrum ... ok
test solver::integration::time_integration::conservation::tests::test_conservation_monitoring ... ok
test solver::integration::time_integration::conservation::tests::test_energy_computation ... ok
test solver::integration::time_integration::tests::test_coupling_strategy_interface ... ok
test solver::integration::time_integration::tests::test_time_integration_module_compiles ... ok
test solver::interface::feature::tests::test_feature_display ... ok
test solver::interface::feature::tests::test_feature_manager ... ok
test solver::forward::thermal_diffusion::plugin::tests::test_heat_diffusion ... ok
test solver::interface::feature::tests::test_feature_set_operations ... ok
test solver::interface::feature::tests::test_preset_configurations ... ok
test solver::inverse::elastography::algorithms::tests::test_directional_smoothing ... ok
test solver::inverse::elastography::algorithms::tests::test_fill_boundaries ... FAILED
test solver::inverse::elastography::algorithms::tests::test_find_push_locations_empty ... ok
test solver::inverse::elastography::algorithms::tests::test_find_push_locations_single_peak ... ok
test solver::inverse::elastography::algorithms::tests::test_smoothing_preserves_positivity ... ok
test solver::inverse::elastography::algorithms::tests::test_spatial_smoothing ... ok
test solver::inverse::elastography::config::tests::test_all_inversion_methods ... ok
test solver::inverse::elastography::algorithms::tests::test_volumetric_smoothing_preserves_uniform ... ok
test solver::inverse::elastography::config::tests::test_all_nonlinear_methods ... ok
test solver::inverse::elastography::config::tests::test_nonlinear_config_builder ... ok
test solver::inverse::elastography::config::tests::test_nonlinear_config_default ... ok
test solver::inverse::elastography::config::tests::test_nonlinear_config_validation ... ok
test solver::inverse::elastography::config::tests::test_shear_wave_config_builder ... ok
test solver::inverse::elastography::config::tests::test_shear_wave_config_default ... ok
test solver::inverse::elastography::config::tests::test_shear_wave_config_validation ... ok
test solver::inverse::elastography::linear_methods::tests::test_compute_phase_gradient_speed ... ok
test solver::inverse::elastography::linear_methods::tests::test_compute_phase_gradient_speed_empty ... ok
test solver::inverse::elastography::linear_methods::tests::test_shear_wave_inversion_processor ... ok
test solver::forward::pstd::physics::absorption::tests::test_lossless_mode_no_absorption ... ok
test solver::inverse::elastography::linear_methods::tests::test_directional_phase_gradient ... ok
test solver::inverse::elastography::linear_methods::tests::test_phase_gradient_inversion ... ok
test solver::inverse::elastography::linear_methods::tests::test_time_of_flight_inversion ... ok
test solver::forward::nonlinear::kzk::validation::tests::test_harmonic_generation ... ok
test solver::inverse::elastography::nonlinear_methods::tests::test_all_nonlinear_methods ... ok
test solver::inverse::elastography::nonlinear_methods::tests::test_bayesian_inversion ... ok
test solver::inverse::elastography::nonlinear_methods::tests::test_forward_model ... ok
test solver::inverse::elastography::nonlinear_methods::tests::test_forward_model_derivative ... ok
test solver::inverse::elastography::linear_methods::tests::test_volumetric_tof_with_single_peak ... ok
test solver::inverse::elastography::linear_methods::tests::test_all_inversion_methods ... ok
test solver::inverse::elastography::nonlinear_methods::tests::test_harmonic_ratio_inversion ... ok
test solver::inverse::elastography::tests::test_config_validation ... ok
test solver::inverse::elastography::nonlinear_methods::tests::test_nonlinear_inversion_processor ... ok
test solver::inverse::elastography::nonlinear_methods::tests::test_nonlinear_least_squares_inversion ... ok
test solver::inverse::elastography::tests::test_all_nonlinear_methods_integration ... ok
test solver::inverse::elastography::tests::test_nonlinear_inversion_pipeline ... ok
test solver::inverse::elastography::tests::test_nonlinear_parameter_statistics ... ok
test solver::inverse::elastography::tests::test_elasticity_statistics ... ok
test solver::inverse::elastography::types::tests::test_elasticity_statistics ... ok
test solver::inverse::elastography::types::tests::test_nonlinear_parameter_statistics ... ok
test solver::inverse::elastography::types::tests::test_elasticity_map_from_speed ... ok
test solver::inverse::pinn::elastic_2d::config::tests::test_activation_function_equality ... ok
test solver::inverse::pinn::elastic_2d::config::tests::test_default_config_valid ... ok
test solver::inverse::pinn::elastic_2d::config::tests::test_forward_problem_config ... ok
test solver::inverse::pinn::elastic_2d::config::tests::test_invalid_empty_layers ... ok
test solver::inverse::elastography::tests::test_linear_inversion_pipeline ... ok
test solver::inverse::elastography::tests::test_all_linear_methods_integration ... ok
test solver::inverse::pinn::elastic_2d::config::tests::test_invalid_learning_rate ... ok
test solver::forward::pstd::physics::absorption::tests::test_fft_based_absorption_reduces_amplitude ... ok
test solver::inverse::pinn::elastic_2d::config::tests::test_invalid_zero_neurons ... ok
test solver::inverse::pinn::elastic_2d::config::tests::test_inverse_problem_config ... ok
test solver::inverse::pinn::elastic_2d::config::tests::test_loss_weights_default ... ok
test solver::inverse::pinn::elastic_2d::config::tests::test_optimize_without_init ... ok
test solver::inverse::pinn::elastic_2d::config::tests::test_sampling_strategy_equality ... ok
test solver::inverse::pinn::elastic_2d::training::scheduler::tests::test_exponential_scheduler ... ok
test solver::inverse::pinn::elastic_2d::training::data::tests::test_training_metrics_recording ... ok
test solver::inverse::pinn::elastic_2d::training::optimizer::tests::test_optimizer_algorithm_enum ... ok
test solver::inverse::pinn::elastic_2d::training::r#loop::tests::test_convergence_logic ... ok
test solver::inverse::pinn::elastic_2d::training::scheduler::tests::test_constant_scheduler ... ok
test solver::inverse::pinn::elastic_2d::training::data::tests::test_convergence_check ... ok
test solver::inverse::pinn::elastic_2d::training::data::tests::test_training_metrics_creation ... ok
test solver::inverse::pinn::elastic_2d::training::scheduler::tests::test_reduce_on_plateau ... ok
test solver::inverse::pinn::elastic_2d::training::scheduler::tests::test_step_scheduler ... ok
test solver::inverse::pinn::geometry::tests::test_adaptive_refinement ... ok
test solver::inverse::pinn::geometry::tests::test_collocation_sampler ... ok
test solver::inverse::pinn::geometry::tests::test_interface_condition_debug ... ok
test solver::inverse::pinn::geometry::tests::test_multi_region_locate ... ok
test solver::inverse::pinn::geometry::tests::test_sobol_unit_hypercube_points ... ok
test solver::inverse::seismic::fwi::tests::test_model_constraints ... ok
test solver::inverse::seismic::plugin::tests::test_fwi_configuration ... ok
test solver::inverse::seismic::plugin::tests::test_plugin_creation ... ok
test solver::inverse::reconstruction::photoacoustic::tests::test_photoacoustic_reconstructor_creation ... ok
test solver::inverse::seismic::fwi::tests::test_adjoint_source_computation ... ok
test solver::inverse::seismic::fwi::tests::test_gradient_calculation ... ok
test solver::inverse::reconstruction::photoacoustic::tests::test_universal_back_projection ... ok
test solver::inverse::seismic::plugin::tests::test_rtm_configuration ... ok
test solver::inverse::seismic::plugin::tests::test_rtm_without_configuration ... ok
test solver::inverse::seismic::rtm::tests::test_laplacian_computation ... ok
test solver::inverse::seismic::rtm::tests::test_rtm_basic_functionality ... ok
test solver::inverse::time_reversal::processing::amplitude::tests::absorption_compensation_toggle_changes_gain ... ok
test solver::inverse::time_reversal::tests::test_config_validation ... ok
test solver::inverse::time_reversal::tests::test_fft_planner_reuse ... ok
test solver::inverse::time_reversal::tests::test_tukey_window ... ok
test solver::inverse::time_reversal::tests::test_frequency_filter ... ok
test solver::utilities::amr::tests::test_error_estimation ... ok
test solver::utilities::amr::tests::test_interpolation ... ok
test solver::utilities::amr::tests::test_octree_creation ... ok
test solver::utilities::amr::tests::test_wavelet_transform ... ok
test solver::utilities::amr::tests::test_refinement_manager ... ok
test solver::validation::numerical_accuracy::tests::test_multirate_time_integration ... ok
test solver::validation::numerical_accuracy::tests::test_spectral_dg_shock_detection ... ok
test solver::validation::physics_benchmarks::gaussian_beam::tests::test_beam_expansion ... ok
test solver::validation::numerical_accuracy::tests::test_numerical_dispersion ... ok
test solver::validation::physics_benchmarks::gaussian_beam::tests::test_rayleigh_distance ... ok
test solver::workspace::tests::test_inplace_operations ... ok
test solver::workspace::tests::test_workspace_creation ... ok
test solver::validation::physics_benchmarks::gaussian_beam::tests::test_intensity_conservation ... ok
test solver::workspace::tests::test_workspace_pool ... ok
test tests::test_cfl_calculation_basic ... ok
test tests::test_config_with_custom_values ... ok
test tests::test_default_config_creation ... ok
test solver::validation::physics_benchmarks::gaussian_beam::tests::test_beam_measurement ... ok
test domain::sensor::beamforming::neural::features::tests::test_speckle_variance_uniform_region ... ok
test tests::test_error_handling_basic ... ok
test tests::test_grid_creation_minimal ... ok
test tests::test_medium_basic_properties ... ok
test tests::test_physics_constants_validation ... ok
test tests::test_version_info ... ok
test solver::validation::numerical_accuracy::tests::test_amr_wavelet_refinement ... ok
test solver::forward::nonlinear::kuznetsov::validation_test::tests::test_energy_conservation_linear_fast ... ok
test solver::forward::nonlinear::kzk::solver::tests::test_gaussian_beam_propagation_fast ... ok
test solver::forward::nonlinear::kzk::validation::tests::test_gaussian_beam_diffraction_fast ... ok
test solver::forward::nonlinear::kzk::parabolic_diffraction::tests::test_kzk_gaussian_beam ... ok
test domain::source::transducers::focused::utils::tests::test_multi_bowl_phases_fast ... ok
test solver::forward::nonlinear::kuznetsov::validation_test::tests::test_linear_propagation ... ok
test solver::forward::nonlinear::kzk::complex_parabolic_diffraction::tests::test_complex_gaussian_beam_propagation ... ok
test physics::acoustics::transcranial::treatment_planning::tests::test_treatment_plan_generation ... ok
test solver::forward::nonlinear::westervelt::tests::test_linear_wave_propagation ... ok
test solver::forward::nonlinear::kuznetsov::validation_test::tests::test_nonlinear_harmonic_generation_fast ... ok
test physics::optics::diffusion::solver::tests::test_solver_symmetry ... ok
test solver::forward::nonlinear::kzk::parabolic_diffraction::tests::test_kzk_gaussian_beam_high_resolution ... ok
test solver::validation::numerical_accuracy::tests::test_pstd_plane_wave_accuracy ... ok
test clinical::imaging::workflows::tests::test_workflow_execution ... ok
test clinical::therapy::microbubble_dynamics::service::tests::test_radiation_force_moves_bubble has been running for over 60 seconds
test clinical::therapy::therapy_integration::orchestrator::microbubble::tests::test_microbubble_dynamics_with_pressure_gradient has been running for over 60 seconds
test clinical::therapy::therapy_integration::orchestrator::tests::test_therapy_step_execution has been running for over 60 seconds
